TN:
SF:.eslintrc.js
FNF:0
FNH:0
DA:1,0
LF:1
LH:0
BRF:0
BRH:0
end_of_record
TN:
SF:jest.config.js
FNF:0
FNH:0
DA:1,0
LF:1
LH:0
BRF:0
BRH:0
end_of_record
TN:
SF:next.config.js
FN:8,(anonymous_0)
FN:28,(anonymous_1)
FN:34,(anonymous_2)
FN:40,(anonymous_3)
FN:46,(anonymous_4)
FN:52,(anonymous_5)
FN:58,(anonymous_6)
FN:64,(anonymous_7)
FN:72,(anonymous_8)
FN:78,(anonymous_9)
FN:84,(anonymous_10)
FN:90,(anonymous_11)
FN:96,(anonymous_12)
FN:114,(anonymous_13)
FNF:14
FNH:0
FNDA:0,(anonymous_0)
FNDA:0,(anonymous_1)
FNDA:0,(anonymous_2)
FNDA:0,(anonymous_3)
FNDA:0,(anonymous_4)
FNDA:0,(anonymous_5)
FNDA:0,(anonymous_6)
FNDA:0,(anonymous_7)
FNDA:0,(anonymous_8)
FNDA:0,(anonymous_9)
FNDA:0,(anonymous_10)
FNDA:0,(anonymous_11)
FNDA:0,(anonymous_12)
FNDA:0,(anonymous_13)
DA:1,0
DA:2,0
DA:3,0
DA:5,0
DA:6,0
DA:8,0
DA:9,0
DA:10,0
DA:11,0
DA:12,0
DA:14,0
DA:16,0
DA:17,0
DA:18,0
DA:22,0
DA:24,0
DA:29,0
DA:30,0
DA:31,0
DA:32,0
DA:35,0
DA:36,0
DA:37,0
DA:38,0
DA:41,0
DA:42,0
DA:43,0
DA:44,0
DA:47,0
DA:48,0
DA:49,0
DA:50,0
DA:53,0
DA:54,0
DA:55,0
DA:56,0
DA:59,0
DA:60,0
DA:61,0
DA:62,0
DA:65,0
DA:66,0
DA:67,0
DA:68,0
DA:69,0
DA:70,0
DA:73,0
DA:74,0
DA:75,0
DA:76,0
DA:79,0
DA:80,0
DA:81,0
DA:82,0
DA:85,0
DA:86,0
DA:87,0
DA:88,0
DA:91,0
DA:92,0
DA:93,0
DA:94,0
DA:97,0
DA:98,0
DA:99,0
DA:100,0
DA:101,0
DA:102,0
DA:103,0
DA:107,0
DA:115,0
DA:117,0
DA:118,0
DA:119,0
DA:120,0
DA:124,0
DA:128,0
DA:129,0
DA:130,0
DA:131,0
DA:134,0
DA:135,0
DA:136,0
DA:140,0
DA:142,0
LF:85
LH:0
BRDA:10,0,0,0
BRDA:10,0,1,0
BRDA:11,1,0,0
BRDA:11,1,1,0
BRDA:12,2,0,0
BRDA:12,2,1,0
BRDA:16,3,0,0
BRDA:16,3,1,0
BRDA:17,4,0,0
BRDA:17,4,1,0
BRDA:29,5,0,0
BRDA:29,5,1,0
BRDA:30,6,0,0
BRDA:30,6,1,0
BRDA:31,7,0,0
BRDA:31,7,1,0
BRDA:32,8,0,0
BRDA:32,8,1,0
BRDA:35,9,0,0
BRDA:35,9,1,0
BRDA:36,10,0,0
BRDA:36,10,1,0
BRDA:37,11,0,0
BRDA:37,11,1,0
BRDA:38,12,0,0
BRDA:38,12,1,0
BRDA:41,13,0,0
BRDA:41,13,1,0
BRDA:42,14,0,0
BRDA:42,14,1,0
BRDA:43,15,0,0
BRDA:43,15,1,0
BRDA:44,16,0,0
BRDA:44,16,1,0
BRDA:47,17,0,0
BRDA:47,17,1,0
BRDA:48,18,0,0
BRDA:48,18,1,0
BRDA:49,19,0,0
BRDA:49,19,1,0
BRDA:50,20,0,0
BRDA:50,20,1,0
BRDA:53,21,0,0
BRDA:53,21,1,0
BRDA:54,22,0,0
BRDA:54,22,1,0
BRDA:55,23,0,0
BRDA:55,23,1,0
BRDA:56,24,0,0
BRDA:56,24,1,0
BRDA:59,25,0,0
BRDA:59,25,1,0
BRDA:60,26,0,0
BRDA:60,26,1,0
BRDA:61,27,0,0
BRDA:61,27,1,0
BRDA:62,28,0,0
BRDA:62,28,1,0
BRDA:65,29,0,0
BRDA:65,29,1,0
BRDA:67,30,0,0
BRDA:67,30,1,0
BRDA:68,31,0,0
BRDA:68,31,1,0
BRDA:70,32,0,0
BRDA:70,32,1,0
BRDA:73,33,0,0
BRDA:73,33,1,0
BRDA:74,34,0,0
BRDA:74,34,1,0
BRDA:75,35,0,0
BRDA:75,35,1,0
BRDA:76,36,0,0
BRDA:76,36,1,0
BRDA:79,37,0,0
BRDA:79,37,1,0
BRDA:80,38,0,0
BRDA:80,38,1,0
BRDA:81,39,0,0
BRDA:81,39,1,0
BRDA:82,40,0,0
BRDA:82,40,1,0
BRDA:85,41,0,0
BRDA:85,41,1,0
BRDA:86,42,0,0
BRDA:86,42,1,0
BRDA:87,43,0,0
BRDA:87,43,1,0
BRDA:88,44,0,0
BRDA:88,44,1,0
BRDA:91,45,0,0
BRDA:91,45,1,0
BRDA:92,46,0,0
BRDA:92,46,1,0
BRDA:93,47,0,0
BRDA:93,47,1,0
BRDA:94,48,0,0
BRDA:94,48,1,0
BRDA:97,49,0,0
BRDA:97,49,1,0
BRDA:99,50,0,0
BRDA:99,50,1,0
BRDA:100,51,0,0
BRDA:100,51,1,0
BRDA:102,52,0,0
BRDA:102,52,1,0
BRDA:117,53,0,0
BRDA:117,53,1,0
BRDA:128,54,0,0
BRDA:128,54,1,0
BRDA:129,55,0,0
BRDA:129,55,1,0
BRDA:134,56,0,0
BRDA:134,56,1,0
BRF:114
BRH:0
end_of_record
TN:
SF:coverage/lcov-report/block-navigation.js
FN:2,init
FN:24,toggleClass
FN:31,makeCurrent
FN:41,goToPrevious
FN:52,goToNext
FN:65,jump
FNF:6
FNH:0
FNDA:0,init
FNDA:0,toggleClass
FNDA:0,makeCurrent
FNDA:0,goToPrevious
FNDA:0,goToNext
FNDA:0,jump
DA:2,0
DA:4,0
DA:7,0
DA:10,0
DA:14,0
DA:20,0
DA:25,0
DA:28,0
DA:32,0
DA:33,0
DA:34,0
DA:42,0
DA:43,0
DA:44,0
DA:45,0
DA:46,0
DA:49,0
DA:53,0
DA:55,0
DA:59,0
DA:62,0
DA:65,0
DA:66,0
DA:69,0
DA:70,0
DA:74,0
DA:75,0
DA:79,0
LF:28
LH:0
BRDA:43,0,0,0
BRDA:43,0,1,0
BRDA:43,1,0,0
BRDA:43,1,1,0
BRDA:45,2,0,0
BRDA:45,2,1,0
BRDA:55,3,0,0
BRDA:55,3,1,0
BRDA:56,4,0,0
BRDA:56,4,1,0
BRDA:66,5,0,0
BRDA:66,5,1,0
BRDA:66,5,2,0
BRDA:66,5,3,0
BRDA:66,5,4,0
BRF:15
BRH:0
end_of_record
TN:
SF:coverage/lcov-report/prettify.js
FN:2,(anonymous_0)
FN:2,k
FN:2,ab
FN:2,T
FN:2,X
FN:2,(anonymous_5)
FN:2,W
FN:2,(anonymous_7)
FN:2,a
FN:2,aa
FN:2,B
FN:2,o
FN:2,g
FN:2,(anonymous_13)
FN:2,(anonymous_14)
FN:2,i
FN:2,Q
FN:2,ae
FN:2,ad
FN:2,ai
FN:2,D
FN:2,c
FN:2,q
FN:2,d
FN:2,y
FN:2,b
FN:2,Y
FN:2,(anonymous_27)
FN:2,U
FNF:29
FNH:0
FNDA:0,(anonymous_0)
FNDA:0,k
FNDA:0,ab
FNDA:0,T
FNDA:0,X
FNDA:0,(anonymous_5)
FNDA:0,W
FNDA:0,(anonymous_7)
FNDA:0,a
FNDA:0,aa
FNDA:0,B
FNDA:0,o
FNDA:0,g
FNDA:0,(anonymous_13)
FNDA:0,(anonymous_14)
FNDA:0,i
FNDA:0,Q
FNDA:0,ae
FNDA:0,ad
FNDA:0,ai
FNDA:0,D
FNDA:0,c
FNDA:0,q
FNDA:0,d
FNDA:0,y
FNDA:0,b
FNDA:0,Y
FNDA:0,(anonymous_27)
FNDA:0,U
DA:2,0
LF:1
LH:0
BRDA:2,0,0,0
BRDA:2,0,1,0
BRDA:2,1,0,0
BRDA:2,1,1,0
BRDA:2,2,0,0
BRDA:2,2,1,0
BRDA:2,3,0,0
BRDA:2,3,1,0
BRDA:2,4,0,0
BRDA:2,4,1,0
BRDA:2,5,0,0
BRDA:2,5,1,0
BRDA:2,6,0,0
BRDA:2,6,1,0
BRDA:2,7,0,0
BRDA:2,7,1,0
BRDA:2,8,0,0
BRDA:2,8,1,0
BRDA:2,9,0,0
BRDA:2,9,1,0
BRDA:2,10,0,0
BRDA:2,10,1,0
BRDA:2,11,0,0
BRDA:2,11,1,0
BRDA:2,11,2,0
BRDA:2,11,3,0
BRDA:2,12,0,0
BRDA:2,12,1,0
BRDA:2,13,0,0
BRDA:2,13,1,0
BRDA:2,14,0,0
BRDA:2,14,1,0
BRDA:2,15,0,0
BRDA:2,15,1,0
BRDA:2,16,0,0
BRDA:2,16,1,0
BRDA:2,17,0,0
BRDA:2,17,1,0
BRDA:2,18,0,0
BRDA:2,18,1,0
BRDA:2,19,0,0
BRDA:2,19,1,0
BRDA:2,20,0,0
BRDA:2,20,1,0
BRDA:2,21,0,0
BRDA:2,21,1,0
BRDA:2,22,0,0
BRDA:2,22,1,0
BRDA:2,23,0,0
BRDA:2,23,1,0
BRDA:2,24,0,0
BRDA:2,24,1,0
BRDA:2,25,0,0
BRDA:2,25,1,0
BRDA:2,26,0,0
BRDA:2,26,1,0
BRDA:2,27,0,0
BRDA:2,27,1,0
BRDA:2,28,0,0
BRDA:2,28,1,0
BRDA:2,29,0,0
BRDA:2,29,1,0
BRDA:2,30,0,0
BRDA:2,30,1,0
BRDA:2,31,0,0
BRDA:2,31,1,0
BRDA:2,32,0,0
BRDA:2,32,1,0
BRDA:2,33,0,0
BRDA:2,33,1,0
BRDA:2,34,0,0
BRDA:2,34,1,0
BRDA:2,35,0,0
BRDA:2,35,1,0
BRDA:2,36,0,0
BRDA:2,36,1,0
BRDA:2,37,0,0
BRDA:2,37,1,0
BRDA:2,38,0,0
BRDA:2,38,1,0
BRDA:2,39,0,0
BRDA:2,39,1,0
BRDA:2,40,0,0
BRDA:2,40,1,0
BRDA:2,41,0,0
BRDA:2,41,1,0
BRDA:2,42,0,0
BRDA:2,42,1,0
BRDA:2,43,0,0
BRDA:2,43,1,0
BRDA:2,44,0,0
BRDA:2,44,1,0
BRDA:2,45,0,0
BRDA:2,45,1,0
BRDA:2,46,0,0
BRDA:2,46,1,0
BRDA:2,47,0,0
BRDA:2,47,1,0
BRDA:2,48,0,0
BRDA:2,48,1,0
BRDA:2,49,0,0
BRDA:2,49,1,0
BRDA:2,50,0,0
BRDA:2,50,1,0
BRDA:2,50,2,0
BRDA:2,51,0,0
BRDA:2,51,1,0
BRDA:2,52,0,0
BRDA:2,52,1,0
BRDA:2,53,0,0
BRDA:2,53,1,0
BRDA:2,54,0,0
BRDA:2,54,1,0
BRDA:2,55,0,0
BRDA:2,55,1,0
BRDA:2,56,0,0
BRDA:2,56,1,0
BRDA:2,57,0,0
BRDA:2,57,1,0
BRDA:2,58,0,0
BRDA:2,58,1,0
BRDA:2,59,0,0
BRDA:2,59,1,0
BRDA:2,60,0,0
BRDA:2,60,1,0
BRDA:2,61,0,0
BRDA:2,61,1,0
BRDA:2,62,0,0
BRDA:2,62,1,0
BRDA:2,63,0,0
BRDA:2,63,1,0
BRDA:2,64,0,0
BRDA:2,64,1,0
BRDA:2,65,0,0
BRDA:2,65,1,0
BRDA:2,66,0,0
BRDA:2,66,1,0
BRDA:2,67,0,0
BRDA:2,67,1,0
BRDA:2,68,0,0
BRDA:2,68,1,0
BRDA:2,69,0,0
BRDA:2,69,1,0
BRDA:2,70,0,0
BRDA:2,70,1,0
BRDA:2,71,0,0
BRDA:2,71,1,0
BRDA:2,72,0,0
BRDA:2,72,1,0
BRDA:2,73,0,0
BRDA:2,73,1,0
BRDA:2,74,0,0
BRDA:2,74,1,0
BRDA:2,75,0,0
BRDA:2,75,1,0
BRDA:2,76,0,0
BRDA:2,76,1,0
BRDA:2,77,0,0
BRDA:2,77,1,0
BRDA:2,78,0,0
BRDA:2,78,1,0
BRDA:2,79,0,0
BRDA:2,79,1,0
BRDA:2,80,0,0
BRDA:2,80,1,0
BRDA:2,81,0,0
BRDA:2,81,1,0
BRDA:2,82,0,0
BRDA:2,82,1,0
BRDA:2,83,0,0
BRDA:2,83,1,0
BRDA:2,84,0,0
BRDA:2,84,1,0
BRDA:2,85,0,0
BRDA:2,85,1,0
BRDA:2,86,0,0
BRDA:2,86,1,0
BRDA:2,87,0,0
BRDA:2,87,1,0
BRDA:2,88,0,0
BRDA:2,88,1,0
BRDA:2,89,0,0
BRDA:2,89,1,0
BRDA:2,89,2,0
BRDA:2,90,0,0
BRDA:2,90,1,0
BRDA:2,91,0,0
BRDA:2,91,1,0
BRDA:2,92,0,0
BRDA:2,92,1,0
BRDA:2,93,0,0
BRDA:2,93,1,0
BRDA:2,94,0,0
BRDA:2,94,1,0
BRDA:2,95,0,0
BRDA:2,95,1,0
BRDA:2,96,0,0
BRDA:2,96,1,0
BRDA:2,97,0,0
BRDA:2,97,1,0
BRDA:2,98,0,0
BRDA:2,98,1,0
BRDA:2,99,0,0
BRDA:2,99,1,0
BRDA:2,100,0,0
BRDA:2,100,1,0
BRDA:2,101,0,0
BRDA:2,101,1,0
BRDA:2,102,0,0
BRDA:2,102,1,0
BRDA:2,103,0,0
BRDA:2,103,1,0
BRDA:2,104,0,0
BRDA:2,104,1,0
BRDA:2,105,0,0
BRDA:2,105,1,0
BRDA:2,106,0,0
BRDA:2,106,1,0
BRDA:2,107,0,0
BRDA:2,107,1,0
BRDA:2,108,0,0
BRDA:2,108,1,0
BRDA:2,109,0,0
BRDA:2,109,1,0
BRDA:2,110,0,0
BRDA:2,110,1,0
BRDA:2,111,0,0
BRDA:2,111,1,0
BRDA:2,112,0,0
BRDA:2,112,1,0
BRDA:2,113,0,0
BRDA:2,113,1,0
BRDA:2,114,0,0
BRDA:2,114,1,0
BRDA:2,115,0,0
BRDA:2,115,1,0
BRDA:2,116,0,0
BRDA:2,116,1,0
BRDA:2,117,0,0
BRDA:2,117,1,0
BRDA:2,118,0,0
BRDA:2,118,1,0
BRDA:2,119,0,0
BRDA:2,119,1,0
BRDA:2,120,0,0
BRDA:2,120,1,0
BRDA:2,121,0,0
BRDA:2,121,1,0
BRDA:2,122,0,0
BRDA:2,122,1,0
BRDA:2,123,0,0
BRDA:2,123,1,0
BRDA:2,124,0,0
BRDA:2,124,1,0
BRDA:2,125,0,0
BRDA:2,125,1,0
BRDA:2,126,0,0
BRDA:2,126,1,0
BRDA:2,127,0,0
BRDA:2,127,1,0
BRDA:2,128,0,0
BRDA:2,128,1,0
BRDA:2,128,2,0
BRDA:2,129,0,0
BRDA:2,129,1,0
BRDA:2,130,0,0
BRDA:2,130,1,0
BRDA:2,131,0,0
BRDA:2,131,1,0
BRDA:2,131,2,0
BRDA:2,131,3,0
BRDA:2,131,4,0
BRDA:2,132,0,0
BRDA:2,132,1,0
BRDA:2,133,0,0
BRDA:2,133,1,0
BRDA:2,134,0,0
BRDA:2,134,1,0
BRDA:2,135,0,0
BRDA:2,135,1,0
BRDA:2,136,0,0
BRDA:2,136,1,0
BRDA:2,137,0,0
BRDA:2,137,1,0
BRDA:2,138,0,0
BRDA:2,138,1,0
BRF:286
BRH:0
end_of_record
TN:
SF:coverage/lcov-report/sorter.js
FN:2,(anonymous_0)
FN:11,getTable
FN:15,getTableHeader
FN:19,getTableBody
FN:23,getNthColumn
FN:28,loadColumns
FN:53,loadRowData
FN:72,loadData
FN:81,sortByIndex
FN:83,(anonymous_9)
FN:95,(anonymous_10)
FN:112,removeSortIndicators
FN:120,addSortIndicators
FN:126,enableUI
FN:129,ithSorter
FN:132,(anonymous_15)
FN:159,(anonymous_16)
FNF:17
FNH:0
FNDA:0,(anonymous_0)
FNDA:0,getTable
FNDA:0,getTableHeader
FNDA:0,getTableBody
FNDA:0,getNthColumn
FNDA:0,loadColumns
FNDA:0,loadRowData
FNDA:0,loadData
FNDA:0,sortByIndex
FNDA:0,(anonymous_9)
FNDA:0,(anonymous_10)
FNDA:0,removeSortIndicators
FNDA:0,addSortIndicators
FNDA:0,enableUI
FNDA:0,ithSorter
FNDA:0,(anonymous_15)
FNDA:0,(anonymous_16)
DA:2,0
DA:5,0
DA:12,0
DA:16,0
DA:20,0
DA:24,0
DA:29,0
DA:31,0
DA:35,0
DA:36,0
DA:37,0
DA:42,0
DA:43,0
DA:44,0
DA:45,0
DA:49,0
DA:54,0
DA:57,0
DA:60,0
DA:61,0
DA:62,0
DA:63,0
DA:64,0
DA:65,0
DA:67,0
DA:69,0
DA:73,0
DA:76,0
DA:77,0
DA:82,0
DA:83,0
DA:84,0
DA:85,0
DA:86,0
DA:88,0
DA:89,0
DA:90,0
DA:91,0
DA:94,0
DA:95,0
DA:96,0
DA:100,0
DA:101,0
DA:102,0
DA:105,0
DA:107,0
DA:108,0
DA:113,0
DA:114,0
DA:116,0
DA:117,0
DA:121,0
DA:129,0
DA:130,0
DA:132,0
DA:133,0
DA:135,0
DA:136,0
DA:138,0
DA:139,0
DA:140,0
DA:141,0
DA:142,0
DA:145,0
DA:146,0
DA:149,0
DA:150,0
DA:151,0
DA:153,0
DA:159,0
DA:160,0
DA:161,0
DA:163,0
DA:164,0
DA:165,0
DA:166,0
DA:170,0
LF:77
LH:0
BRDA:40,0,0,0
BRDA:40,0,1,0
BRDA:43,1,0,0
BRDA:43,1,1,0
BRDA:64,2,0,0
BRDA:64,2,1,0
BRDA:86,3,0,0
BRDA:86,3,1,0
BRDA:86,4,0,0
BRDA:86,4,1,0
BRDA:94,5,0,0
BRDA:94,5,1,0
BRDA:121,6,0,0
BRDA:121,6,1,0
BRDA:135,7,0,0
BRDA:135,7,1,0
BRDA:146,8,0,0
BRDA:146,8,1,0
BRDA:150,9,0,0
BRDA:150,9,1,0
BRDA:160,10,0,0
BRDA:160,10,1,0
BRF:22
BRH:0
end_of_record
TN:
SF:pages/404.js
FN:6,FourOhFour
FN:21,(anonymous_1)
FNF:2
FNH:0
FNDA:0,FourOhFour
FNDA:0,(anonymous_1)
DA:7,0
DA:8,0
DA:10,0
DA:21,0
LF:4
LH:0
BRF:0
BRH:0
end_of_record
TN:
SF:pages/500.js
FN:6,FiveHundred
FN:21,(anonymous_1)
FNF:2
FNH:0
FNDA:0,FiveHundred
FNDA:0,(anonymous_1)
DA:7,0
DA:8,0
DA:10,0
DA:21,0
LF:4
LH:0
BRF:0
BRH:0
end_of_record
TN:
SF:pages/_app.js
FN:13,(anonymous_0)
FN:14,(anonymous_1)
FN:15,(anonymous_2)
FN:22,(anonymous_3)
FN:26,(anonymous_4)
FN:27,(anonymous_5)
FN:28,(anonymous_6)
FN:38,(anonymous_7)
FN:41,(anonymous_8)
FNF:9
FNH:0
FNDA:0,(anonymous_0)
FNDA:0,(anonymous_1)
FNDA:0,(anonymous_2)
FNDA:0,(anonymous_3)
FNDA:0,(anonymous_4)
FNDA:0,(anonymous_5)
FNDA:0,(anonymous_6)
FNDA:0,(anonymous_7)
FNDA:0,(anonymous_8)
DA:13,0
DA:14,0
DA:15,0
DA:17,0
DA:23,0
DA:27,0
DA:28,0
DA:29,0
DA:32,0
DA:35,0
DA:39,0
DA:41,0
DA:42,0
DA:50,0
DA:58,0
LF:15
LH:0
BRDA:53,0,0,0
BRDA:53,0,1,0
BRF:2
BRH:0
end_of_record
TN:
SF:pages/_document.js
FN:4,(anonymous_0)
FNF:1
FNH:0
FNDA:0,(anonymous_0)
DA:5,0
LF:1
LH:0
BRF:0
BRH:0
end_of_record
TN:
SF:pages/index.js
FN:51,(anonymous_0)
FN:75,(anonymous_1)
FN:85,(anonymous_2)
FN:94,(anonymous_3)
FN:100,(anonymous_4)
FN:107,(anonymous_5)
FN:117,(anonymous_6)
FN:128,(anonymous_7)
FN:138,(anonymous_8)
FN:142,(anonymous_9)
FN:145,(anonymous_10)
FN:148,(anonymous_11)
FN:153,(anonymous_12)
FN:156,(anonymous_13)
FN:163,(anonymous_14)
FN:180,(anonymous_15)
FN:191,(anonymous_16)
FN:197,(anonymous_17)
FN:203,(anonymous_18)
FN:209,(anonymous_19)
FN:225,(anonymous_20)
FN:233,(anonymous_21)
FN:238,(anonymous_22)
FN:241,(anonymous_23)
FN:246,(anonymous_24)
FN:257,(anonymous_25)
FN:260,(anonymous_26)
FN:274,(anonymous_27)
FN:280,(anonymous_28)
FN:290,(anonymous_29)
FN:307,(anonymous_30)
FN:316,(anonymous_31)
FN:321,(anonymous_32)
FN:343,(anonymous_33)
FN:345,(anonymous_34)
FN:349,(anonymous_35)
FN:391,(anonymous_36)
FN:409,(anonymous_37)
FN:435,(anonymous_38)
FN:448,(anonymous_39)
FN:452,(anonymous_40)
FN:460,(anonymous_41)
FN:477,(anonymous_42)
FN:480,(anonymous_43)
FN:491,(anonymous_44)
FN:499,(anonymous_45)
FN:500,(anonymous_46)
FN:533,(anonymous_47)
FN:556,(anonymous_48)
FN:572,(anonymous_49)
FN:585,(anonymous_50)
FN:604,(anonymous_51)
FN:611,(anonymous_52)
FN:622,(anonymous_53)
FN:635,(anonymous_54)
FN:651,(anonymous_55)
FN:672,getServerSideProps
FNF:57
FNH:1
FNDA:1,(anonymous_0)
FNDA:0,(anonymous_1)
FNDA:0,(anonymous_2)
FNDA:0,(anonymous_3)
FNDA:0,(anonymous_4)
FNDA:0,(anonymous_5)
FNDA:0,(anonymous_6)
FNDA:0,(anonymous_7)
FNDA:0,(anonymous_8)
FNDA:0,(anonymous_9)
FNDA:0,(anonymous_10)
FNDA:0,(anonymous_11)
FNDA:0,(anonymous_12)
FNDA:0,(anonymous_13)
FNDA:0,(anonymous_14)
FNDA:0,(anonymous_15)
FNDA:0,(anonymous_16)
FNDA:0,(anonymous_17)
FNDA:0,(anonymous_18)
FNDA:0,(anonymous_19)
FNDA:0,(anonymous_20)
FNDA:0,(anonymous_21)
FNDA:0,(anonymous_22)
FNDA:0,(anonymous_23)
FNDA:0,(anonymous_24)
FNDA:0,(anonymous_25)
FNDA:0,(anonymous_26)
FNDA:0,(anonymous_27)
FNDA:0,(anonymous_28)
FNDA:0,(anonymous_29)
FNDA:0,(anonymous_30)
FNDA:0,(anonymous_31)
FNDA:0,(anonymous_32)
FNDA:0,(anonymous_33)
FNDA:0,(anonymous_34)
FNDA:0,(anonymous_35)
FNDA:0,(anonymous_36)
FNDA:0,(anonymous_37)
FNDA:0,(anonymous_38)
FNDA:0,(anonymous_39)
FNDA:0,(anonymous_40)
FNDA:0,(anonymous_41)
FNDA:0,(anonymous_42)
FNDA:0,(anonymous_43)
FNDA:0,(anonymous_44)
FNDA:0,(anonymous_45)
FNDA:0,(anonymous_46)
FNDA:0,(anonymous_47)
FNDA:0,(anonymous_48)
FNDA:0,(anonymous_49)
FNDA:0,(anonymous_50)
FNDA:0,(anonymous_51)
FNDA:0,(anonymous_52)
FNDA:0,(anonymous_53)
FNDA:0,(anonymous_54)
FNDA:0,(anonymous_55)
FNDA:0,getServerSideProps
DA:45,1
DA:51,1
DA:52,1
DA:53,1
DA:54,1
DA:56,1
DA:57,1
DA:58,1
DA:59,1
DA:60,1
DA:61,1
DA:62,1
DA:63,1
DA:64,1
DA:65,1
DA:69,1
DA:70,1
DA:72,1
DA:73,1
DA:75,1
DA:76,0
DA:78,0
DA:79,0
DA:82,0
DA:85,1
DA:86,0
DA:88,0
DA:89,0
DA:90,0
DA:91,0
DA:94,1
DA:95,0
DA:96,0
DA:97,0
DA:100,1
DA:101,0
DA:102,0
DA:104,0
DA:107,1
DA:108,0
DA:109,0
DA:110,0
DA:111,0
DA:113,0
DA:117,1
DA:118,0
DA:120,0
DA:122,0
DA:128,1
DA:129,0
DA:130,0
DA:138,1
DA:139,0
DA:141,0
DA:143,0
DA:145,0
DA:148,1
DA:149,0
DA:150,0
DA:151,0
DA:154,0
DA:156,0
DA:161,1
DA:163,1
DA:164,0
DA:168,0
DA:169,0
DA:172,0
DA:173,0
DA:176,0
DA:177,0
DA:180,1
DA:181,0
DA:191,1
DA:192,0
DA:193,0
DA:194,0
DA:197,1
DA:198,0
DA:199,0
DA:200,0
DA:203,1
DA:204,0
DA:205,0
DA:206,0
DA:209,1
DA:210,0
DA:211,0
DA:213,0
DA:225,1
DA:226,0
DA:227,0
DA:228,0
DA:230,0
DA:233,1
DA:234,0
DA:239,0
DA:242,0
DA:246,1
DA:247,0
DA:248,0
DA:249,0
DA:251,0
DA:252,0
DA:257,1
DA:258,0
DA:260,0
DA:261,0
DA:267,0
DA:274,1
DA:275,0
DA:276,0
DA:280,1
DA:281,0
DA:282,0
DA:283,0
DA:286,0
DA:290,1
DA:291,0
DA:301,0
DA:302,0
DA:303,0
DA:307,1
DA:308,0
DA:316,0
DA:317,0
DA:321,1
DA:322,0
DA:323,0
DA:324,0
DA:326,0
DA:327,0
DA:329,0
DA:334,1
DA:336,1
DA:343,0
DA:345,0
DA:349,0
DA:391,0
DA:410,0
DA:411,0
DA:412,0
DA:414,0
DA:435,0
DA:448,0
DA:453,0
DA:460,0
DA:477,0
DA:480,0
DA:492,0
DA:499,0
DA:501,0
DA:533,0
DA:556,0
DA:573,0
DA:575,0
DA:586,0
DA:587,0
DA:589,0
DA:605,0
DA:606,0
DA:612,0
DA:622,0
DA:636,0
DA:637,0
DA:651,0
DA:673,0
DA:679,0
DA:685,0
LF:169
LH:46
BRDA:47,0,0,1
BRDA:47,0,1,0
BRDA:78,1,0,0
BRDA:78,1,1,0
BRDA:101,2,0,0
BRDA:101,2,1,0
BRDA:108,3,0,0
BRDA:108,3,1,0
BRDA:110,4,0,0
BRDA:110,4,1,0
BRDA:149,5,0,0
BRDA:149,5,1,0
BRDA:161,6,0,1
BRDA:161,6,1,0
BRDA:168,7,0,0
BRDA:168,7,1,0
BRDA:172,8,0,0
BRDA:172,8,1,0
BRDA:194,9,0,0
BRDA:194,9,1,0
BRDA:213,10,0,0
BRDA:213,10,1,0
BRDA:247,11,0,0
BRDA:247,11,1,0
BRDA:251,12,0,0
BRDA:251,12,1,0
BRDA:275,13,0,0
BRDA:275,13,1,0
BRDA:281,14,0,0
BRDA:281,14,1,0
BRDA:282,15,0,0
BRDA:282,15,1,0
BRDA:293,16,0,0
BRDA:293,16,1,0
BRDA:294,17,0,0
BRDA:294,17,1,0
BRDA:295,18,0,0
BRDA:295,18,1,0
BRDA:296,19,0,0
BRDA:296,19,1,0
BRDA:301,20,0,0
BRDA:301,20,1,0
BRDA:301,21,0,0
BRDA:301,21,1,0
BRDA:322,22,0,0
BRDA:322,22,1,0
BRDA:326,23,0,0
BRDA:326,23,1,0
BRDA:355,24,0,0
BRDA:355,24,1,1
BRDA:356,25,0,0
BRDA:356,25,1,0
BRDA:386,26,0,0
BRDA:386,26,1,1
BRDA:400,27,0,0
BRDA:400,27,1,1
BRDA:402,28,0,0
BRDA:402,28,1,1
BRDA:405,29,0,0
BRDA:405,29,1,1
BRDA:411,30,0,0
BRDA:411,30,1,0
BRDA:442,31,0,1
BRDA:442,31,1,1
BRDA:472,32,0,1
BRDA:472,32,1,0
BRDA:486,33,0,1
BRDA:486,33,1,0
BRDA:517,34,0,0
BRDA:517,34,1,0
BRDA:525,35,0,0
BRDA:525,35,1,0
BRDA:577,36,0,0
BRDA:577,36,1,0
BRDA:586,37,0,0
BRDA:586,37,1,0
BRDA:598,38,0,1
BRDA:598,38,1,0
BRDA:598,38,2,0
BRDA:610,39,0,0
BRDA:610,39,1,0
BRDA:619,40,0,0
BRDA:619,40,1,0
BRDA:644,41,0,0
BRDA:644,41,1,0
BRDA:647,42,0,0
BRDA:647,42,1,0
BRF:87
BRH:12
end_of_record
TN:
SF:pages/sitemap.xml.js
FN:3,(anonymous_0)
FN:5,(anonymous_1)
FN:20,(anonymous_2)
FN:44,(anonymous_3)
FN:69,(anonymous_4)
FN:81,(anonymous_5)
FNF:6
FNH:0
FNDA:0,(anonymous_0)
FNDA:0,(anonymous_1)
FNDA:0,(anonymous_2)
FNDA:0,(anonymous_3)
FNDA:0,(anonymous_4)
FNDA:0,(anonymous_5)
DA:3,0
DA:5,0
DA:6,0
DA:12,0
DA:16,0
DA:18,0
DA:21,0
DA:45,0
DA:48,0
DA:70,0
DA:82,0
DA:95,0
DA:96,0
DA:97,0
DA:99,0
LF:15
LH:0
BRF:0
BRH:0
end_of_record
TN:
SF:pages/about-us/index.js
FN:8,(anonymous_0)
FN:26,(anonymous_1)
FN:47,(anonymous_2)
FNF:3
FNH:0
FNDA:0,(anonymous_0)
FNDA:0,(anonymous_1)
FNDA:0,(anonymous_2)
DA:6,0
DA:8,0
DA:9,0
DA:10,0
DA:26,0
DA:27,0
DA:28,0
DA:47,0
DA:48,0
LF:9
LH:0
BRF:0
BRH:0
end_of_record
TN:
SF:pages/account/index.js
FN:22,(anonymous_0)
FN:42,(anonymous_1)
FN:47,(anonymous_2)
FN:53,(anonymous_3)
FN:64,(anonymous_4)
FN:68,(anonymous_5)
FN:72,(anonymous_6)
FN:87,(anonymous_7)
FN:93,(anonymous_8)
FN:104,(anonymous_9)
FN:116,(anonymous_10)
FN:126,(anonymous_11)
FN:132,(anonymous_12)
FN:137,(anonymous_13)
FN:140,(anonymous_14)
FN:148,(anonymous_15)
FN:153,(anonymous_16)
FN:166,(anonymous_17)
FN:176,(anonymous_18)
FN:177,(anonymous_19)
FN:178,(anonymous_20)
FN:183,(anonymous_21)
FN:191,(anonymous_22)
FN:192,(anonymous_23)
FNF:24
FNH:0
FNDA:0,(anonymous_0)
FNDA:0,(anonymous_1)
FNDA:0,(anonymous_2)
FNDA:0,(anonymous_3)
FNDA:0,(anonymous_4)
FNDA:0,(anonymous_5)
FNDA:0,(anonymous_6)
FNDA:0,(anonymous_7)
FNDA:0,(anonymous_8)
FNDA:0,(anonymous_9)
FNDA:0,(anonymous_10)
FNDA:0,(anonymous_11)
FNDA:0,(anonymous_12)
FNDA:0,(anonymous_13)
FNDA:0,(anonymous_14)
FNDA:0,(anonymous_15)
FNDA:0,(anonymous_16)
FNDA:0,(anonymous_17)
FNDA:0,(anonymous_18)
FNDA:0,(anonymous_19)
FNDA:0,(anonymous_20)
FNDA:0,(anonymous_21)
FNDA:0,(anonymous_22)
FNDA:0,(anonymous_23)
DA:20,0
DA:22,0
DA:23,0
DA:24,0
DA:26,0
DA:27,0
DA:28,0
DA:29,0
DA:30,0
DA:31,0
DA:32,0
DA:34,0
DA:42,0
DA:43,0
DA:44,0
DA:47,0
DA:48,0
DA:49,0
DA:50,0
DA:53,0
DA:54,0
DA:55,0
DA:56,0
DA:57,0
DA:58,0
DA:59,0
DA:60,0
DA:61,0
DA:64,0
DA:65,0
DA:68,0
DA:69,0
DA:72,0
DA:73,0
DA:75,0
DA:76,0
DA:77,0
DA:78,0
DA:81,0
DA:82,0
DA:83,0
DA:87,0
DA:88,0
DA:89,0
DA:93,0
DA:94,0
DA:95,0
DA:97,0
DA:101,0
DA:102,0
DA:104,0
DA:111,0
DA:116,0
DA:126,0
DA:132,0
DA:137,0
DA:140,0
DA:149,0
DA:153,0
DA:166,0
DA:176,0
DA:177,0
DA:178,0
DA:183,0
DA:191,0
DA:192,0
LF:66
LH:0
BRDA:55,0,0,0
BRDA:55,0,1,0
BRDA:56,1,0,0
BRDA:56,1,1,0
BRDA:57,2,0,0
BRDA:57,2,1,0
BRDA:58,3,0,0
BRDA:58,3,1,0
BRDA:75,4,0,0
BRDA:75,4,1,0
BRDA:81,5,0,0
BRDA:81,5,1,0
BRDA:88,6,0,0
BRDA:88,6,1,0
BRDA:94,7,0,0
BRDA:94,7,1,0
BRDA:94,8,0,0
BRDA:94,8,1,0
BRDA:101,9,0,0
BRDA:101,9,1,0
BRDA:120,10,0,0
BRDA:120,10,1,0
BRDA:122,11,0,0
BRDA:122,11,1,0
BRDA:131,12,0,0
BRDA:131,12,1,0
BRDA:158,13,0,0
BRDA:158,13,1,0
BRF:28
BRH:0
end_of_record
TN:
SF:pages/account/help/index.js
FN:12,(anonymous_0)
FN:17,(anonymous_1)
FN:27,(anonymous_2)
FN:35,getServerSideProps
FNF:4
FNH:0
FNDA:0,(anonymous_0)
FNDA:0,(anonymous_1)
FNDA:0,(anonymous_2)
FNDA:0,getServerSideProps
DA:10,0
DA:12,0
DA:13,0
DA:15,0
DA:17,0
DA:28,0
DA:36,0
DA:37,0
DA:39,0
LF:9
LH:0
BRF:0
BRH:0
end_of_record
TN:
SF:pages/account/privacy-policy/index.js
FN:11,(anonymous_0)
FN:16,(anonymous_1)
FN:32,getServerSideProps
FNF:3
FNH:0
FNDA:0,(anonymous_0)
FNDA:0,(anonymous_1)
FNDA:0,getServerSideProps
DA:9,0
DA:11,0
DA:12,0
DA:14,0
DA:16,0
DA:33,0
DA:34,0
DA:36,0
LF:8
LH:0
BRF:0
BRH:0
end_of_record
TN:
SF:pages/account/terms-conditions/index.js
FN:11,(anonymous_0)
FN:16,(anonymous_1)
FN:32,getServerSideProps
FNF:3
FNH:0
FNDA:0,(anonymous_0)
FNDA:0,(anonymous_1)
FNDA:0,getServerSideProps
DA:9,0
DA:11,0
DA:12,0
DA:14,0
DA:16,0
DA:33,0
DA:34,0
DA:36,0
LF:8
LH:0
BRF:0
BRH:0
end_of_record
TN:
SF:pages/auth/index.js
FN:44,(anonymous_0)
FN:64,(anonymous_1)
FN:72,(anonymous_2)
FN:98,(anonymous_3)
FN:106,(anonymous_4)
FN:114,(anonymous_5)
FN:118,(anonymous_6)
FN:124,(anonymous_7)
FN:125,(anonymous_8)
FN:137,(anonymous_9)
FN:139,(anonymous_10)
FN:151,(anonymous_11)
FN:156,(anonymous_12)
FN:179,(anonymous_13)
FN:180,(anonymous_14)
FN:185,(anonymous_15)
FN:200,(anonymous_16)
FN:204,(anonymous_17)
FN:208,(anonymous_18)
FN:209,(anonymous_19)
FN:217,(anonymous_20)
FN:227,(anonymous_21)
FN:233,(anonymous_22)
FN:239,(anonymous_23)
FN:245,(anonymous_24)
FN:250,(anonymous_25)
FN:253,(anonymous_26)
FN:254,(anonymous_27)
FN:262,(anonymous_28)
FN:278,(anonymous_29)
FN:347,(anonymous_30)
FN:407,(anonymous_31)
FN:409,(anonymous_32)
FNF:33
FNH:0
FNDA:0,(anonymous_0)
FNDA:0,(anonymous_1)
FNDA:0,(anonymous_2)
FNDA:0,(anonymous_3)
FNDA:0,(anonymous_4)
FNDA:0,(anonymous_5)
FNDA:0,(anonymous_6)
FNDA:0,(anonymous_7)
FNDA:0,(anonymous_8)
FNDA:0,(anonymous_9)
FNDA:0,(anonymous_10)
FNDA:0,(anonymous_11)
FNDA:0,(anonymous_12)
FNDA:0,(anonymous_13)
FNDA:0,(anonymous_14)
FNDA:0,(anonymous_15)
FNDA:0,(anonymous_16)
FNDA:0,(anonymous_17)
FNDA:0,(anonymous_18)
FNDA:0,(anonymous_19)
FNDA:0,(anonymous_20)
FNDA:0,(anonymous_21)
FNDA:0,(anonymous_22)
FNDA:0,(anonymous_23)
FNDA:0,(anonymous_24)
FNDA:0,(anonymous_25)
FNDA:0,(anonymous_26)
FNDA:0,(anonymous_27)
FNDA:0,(anonymous_28)
FNDA:0,(anonymous_29)
FNDA:0,(anonymous_30)
FNDA:0,(anonymous_31)
FNDA:0,(anonymous_32)
DA:26,5
DA:28,5
DA:44,5
DA:45,0
DA:46,0
DA:48,0
DA:49,0
DA:50,0
DA:51,0
DA:52,0
DA:53,0
DA:54,0
DA:55,0
DA:56,0
DA:57,0
DA:58,0
DA:59,0
DA:61,0
DA:64,0
DA:65,0
DA:66,0
DA:67,0
DA:69,0
DA:72,0
DA:73,0
DA:75,0
DA:76,0
DA:78,0
DA:81,0
DA:83,0
DA:88,0
DA:89,0
DA:90,0
DA:92,0
DA:94,0
DA:98,0
DA:99,0
DA:100,0
DA:102,0
DA:106,0
DA:107,0
DA:108,0
DA:110,0
DA:114,0
DA:115,0
DA:118,0
DA:119,0
DA:120,0
DA:121,0
DA:124,0
DA:125,0
DA:126,0
DA:127,0
DA:128,0
DA:130,0
DA:134,0
DA:137,0
DA:138,0
DA:140,0
DA:141,0
DA:142,0
DA:144,0
DA:145,0
DA:148,0
DA:152,0
DA:156,0
DA:157,0
DA:159,0
DA:163,0
DA:164,0
DA:165,0
DA:166,0
DA:168,0
DA:169,0
DA:171,0
DA:172,0
DA:175,0
DA:179,0
DA:180,0
DA:181,0
DA:185,0
DA:186,0
DA:192,0
DA:193,0
DA:194,0
DA:196,0
DA:200,0
DA:201,0
DA:204,0
DA:205,0
DA:208,0
DA:209,0
DA:210,0
DA:211,0
DA:214,0
DA:217,0
DA:227,0
DA:228,0
DA:229,0
DA:233,0
DA:234,0
DA:235,0
DA:236,0
DA:239,0
DA:240,0
DA:241,0
DA:242,0
DA:245,0
DA:246,0
DA:247,0
DA:250,0
DA:251,0
DA:253,0
DA:254,0
DA:262,0
DA:263,0
DA:265,0
DA:266,0
DA:268,0
DA:271,0
DA:272,0
DA:278,0
DA:279,0
DA:280,0
DA:284,0
DA:347,0
DA:407,0
DA:409,0
LF:128
LH:3
BRDA:75,0,0,0
BRDA:75,0,1,0
BRDA:99,1,0,0
BRDA:99,1,1,0
BRDA:107,2,0,0
BRDA:107,2,1,0
BRDA:141,3,0,0
BRDA:141,3,1,0
BRDA:144,4,0,0
BRDA:144,4,1,0
BRDA:157,5,0,0
BRDA:157,5,1,0
BRDA:166,6,0,0
BRDA:166,6,1,0
BRDA:166,7,0,0
BRDA:166,7,1,0
BRDA:169,8,0,0
BRDA:169,8,1,0
BRDA:234,9,0,0
BRDA:234,9,1,0
BRDA:235,10,0,0
BRDA:235,10,1,0
BRDA:240,11,0,0
BRDA:240,11,1,0
BRDA:241,12,0,0
BRDA:241,12,1,0
BRDA:246,13,0,0
BRDA:246,13,1,0
BRDA:265,14,0,0
BRDA:265,14,1,0
BRDA:271,15,0,0
BRDA:271,15,1,0
BRDA:271,16,0,0
BRDA:271,16,1,0
BRDA:273,17,0,0
BRDA:273,17,1,0
BRDA:273,18,0,0
BRDA:273,18,1,0
BRDA:279,19,0,0
BRDA:279,19,1,0
BRDA:286,20,0,0
BRDA:286,20,1,0
BRDA:301,21,0,0
BRDA:301,21,1,0
BRDA:337,22,0,0
BRDA:337,22,1,0
BRDA:380,23,0,0
BRDA:380,23,1,0
BRDA:388,24,0,0
BRDA:388,24,1,0
BRDA:394,25,0,0
BRDA:394,25,1,0
BRF:52
BRH:0
end_of_record
TN:
SF:pages/bengkel/index.js
FN:49,Screen
FN:104,(anonymous_1)
FN:113,(anonymous_2)
FN:117,(anonymous_3)
FN:118,(anonymous_4)
FN:130,(anonymous_5)
FN:135,(anonymous_6)
FN:147,(anonymous_7)
FN:162,(anonymous_8)
FN:169,(anonymous_9)
FN:199,(anonymous_10)
FN:209,(anonymous_11)
FN:226,(anonymous_12)
FN:236,(anonymous_13)
FN:246,(anonymous_14)
FN:249,(anonymous_15)
FN:263,(anonymous_16)
FN:269,(anonymous_17)
FN:275,(anonymous_18)
FN:288,(anonymous_19)
FN:291,(anonymous_20)
FN:307,(anonymous_21)
FN:316,(anonymous_22)
FN:335,(anonymous_23)
FN:344,(anonymous_24)
FN:348,(anonymous_25)
FN:349,(anonymous_26)
FN:360,(anonymous_27)
FN:368,(anonymous_28)
FN:371,(anonymous_29)
FN:381,(anonymous_30)
FN:386,(anonymous_31)
FN:400,(anonymous_32)
FN:416,(anonymous_33)
FN:417,(anonymous_34)
FN:425,(anonymous_35)
FN:442,(anonymous_36)
FN:443,(anonymous_37)
FN:477,(anonymous_38)
FN:480,(anonymous_39)
FN:489,(anonymous_40)
FN:495,(anonymous_41)
FN:508,(anonymous_42)
FN:513,(anonymous_43)
FN:519,(anonymous_44)
FN:525,(anonymous_45)
FN:547,(anonymous_46)
FN:570,(anonymous_47)
FN:580,(anonymous_48)
FN:586,(anonymous_49)
FN:588,(anonymous_50)
FN:594,(anonymous_51)
FN:609,(anonymous_52)
FN:612,(anonymous_53)
FN:624,(anonymous_54)
FN:629,(anonymous_55)
FN:652,(anonymous_56)
FN:658,(anonymous_57)
FN:699,(anonymous_58)
FN:716,(anonymous_59)
FN:741,(anonymous_60)
FN:742,(anonymous_61)
FN:747,(anonymous_62)
FN:759,(anonymous_63)
FN:768,(anonymous_64)
FN:794,(anonymous_65)
FN:803,(anonymous_66)
FN:826,(anonymous_67)
FN:827,(anonymous_68)
FN:828,(anonymous_69)
FN:848,(anonymous_70)
FN:890,(anonymous_71)
FN:892,(anonymous_72)
FN:926,(anonymous_73)
FN:929,(anonymous_74)
FN:938,(anonymous_75)
FN:944,(anonymous_76)
FN:963,(anonymous_77)
FN:982,(anonymous_78)
FN:985,(anonymous_79)
FN:990,(anonymous_80)
FN:1006,(anonymous_81)
FN:1010,(anonymous_82)
FN:1020,(anonymous_83)
FN:1044,getServerSideProps
FNF:85
FNH:0
FNDA:0,Screen
FNDA:0,(anonymous_1)
FNDA:0,(anonymous_2)
FNDA:0,(anonymous_3)
FNDA:0,(anonymous_4)
FNDA:0,(anonymous_5)
FNDA:0,(anonymous_6)
FNDA:0,(anonymous_7)
FNDA:0,(anonymous_8)
FNDA:0,(anonymous_9)
FNDA:0,(anonymous_10)
FNDA:0,(anonymous_11)
FNDA:0,(anonymous_12)
FNDA:0,(anonymous_13)
FNDA:0,(anonymous_14)
FNDA:0,(anonymous_15)
FNDA:0,(anonymous_16)
FNDA:0,(anonymous_17)
FNDA:0,(anonymous_18)
FNDA:0,(anonymous_19)
FNDA:0,(anonymous_20)
FNDA:0,(anonymous_21)
FNDA:0,(anonymous_22)
FNDA:0,(anonymous_23)
FNDA:0,(anonymous_24)
FNDA:0,(anonymous_25)
FNDA:0,(anonymous_26)
FNDA:0,(anonymous_27)
FNDA:0,(anonymous_28)
FNDA:0,(anonymous_29)
FNDA:0,(anonymous_30)
FNDA:0,(anonymous_31)
FNDA:0,(anonymous_32)
FNDA:0,(anonymous_33)
FNDA:0,(anonymous_34)
FNDA:0,(anonymous_35)
FNDA:0,(anonymous_36)
FNDA:0,(anonymous_37)
FNDA:0,(anonymous_38)
FNDA:0,(anonymous_39)
FNDA:0,(anonymous_40)
FNDA:0,(anonymous_41)
FNDA:0,(anonymous_42)
FNDA:0,(anonymous_43)
FNDA:0,(anonymous_44)
FNDA:0,(anonymous_45)
FNDA:0,(anonymous_46)
FNDA:0,(anonymous_47)
FNDA:0,(anonymous_48)
FNDA:0,(anonymous_49)
FNDA:0,(anonymous_50)
FNDA:0,(anonymous_51)
FNDA:0,(anonymous_52)
FNDA:0,(anonymous_53)
FNDA:0,(anonymous_54)
FNDA:0,(anonymous_55)
FNDA:0,(anonymous_56)
FNDA:0,(anonymous_57)
FNDA:0,(anonymous_58)
FNDA:0,(anonymous_59)
FNDA:0,(anonymous_60)
FNDA:0,(anonymous_61)
FNDA:0,(anonymous_62)
FNDA:0,(anonymous_63)
FNDA:0,(anonymous_64)
FNDA:0,(anonymous_65)
FNDA:0,(anonymous_66)
FNDA:0,(anonymous_67)
FNDA:0,(anonymous_68)
FNDA:0,(anonymous_69)
FNDA:0,(anonymous_70)
FNDA:0,(anonymous_71)
FNDA:0,(anonymous_72)
FNDA:0,(anonymous_73)
FNDA:0,(anonymous_74)
FNDA:0,(anonymous_75)
FNDA:0,(anonymous_76)
FNDA:0,(anonymous_77)
FNDA:0,(anonymous_78)
FNDA:0,(anonymous_79)
FNDA:0,(anonymous_80)
FNDA:0,(anonymous_81)
FNDA:0,(anonymous_82)
FNDA:0,(anonymous_83)
FNDA:0,getServerSideProps
DA:45,0
DA:47,0
DA:50,0
DA:60,0
DA:62,0
DA:63,0
DA:65,0
DA:66,0
DA:68,0
DA:69,0
DA:70,0
DA:72,0
DA:73,0
DA:74,0
DA:75,0
DA:76,0
DA:77,0
DA:78,0
DA:79,0
DA:80,0
DA:81,0
DA:82,0
DA:83,0
DA:84,0
DA:85,0
DA:86,0
DA:87,0
DA:88,0
DA:89,0
DA:90,0
DA:91,0
DA:92,0
DA:93,0
DA:94,0
DA:95,0
DA:96,0
DA:98,0
DA:104,0
DA:105,0
DA:106,0
DA:107,0
DA:109,0
DA:113,0
DA:114,0
DA:116,0
DA:117,0
DA:119,0
DA:125,0
DA:131,0
DA:135,0
DA:136,0
DA:138,0
DA:139,0
DA:140,0
DA:142,0
DA:144,0
DA:147,0
DA:148,0
DA:149,0
DA:151,0
DA:152,0
DA:154,0
DA:159,0
DA:162,0
DA:163,0
DA:164,0
DA:166,0
DA:169,0
DA:170,0
DA:171,0
DA:178,0
DA:182,0
DA:184,0
DA:185,0
DA:187,0
DA:188,0
DA:192,0
DA:193,0
DA:196,0
DA:199,0
DA:200,0
DA:201,0
DA:203,0
DA:204,0
DA:205,0
DA:206,0
DA:209,0
DA:210,0
DA:212,0
DA:213,0
DA:215,0
DA:216,0
DA:219,0
DA:222,0
DA:226,0
DA:227,0
DA:228,0
DA:229,0
DA:231,0
DA:232,0
DA:236,0
DA:237,0
DA:241,0
DA:246,0
DA:247,0
DA:249,0
DA:250,0
DA:258,0
DA:261,0
DA:263,0
DA:264,0
DA:265,0
DA:266,0
DA:268,0
DA:270,0
DA:275,0
DA:276,0
DA:282,0
DA:289,0
DA:291,0
DA:292,0
DA:298,0
DA:307,0
DA:308,0
DA:309,0
DA:311,0
DA:316,0
DA:317,0
DA:318,0
DA:320,0
DA:321,0
DA:326,0
DA:328,0
DA:335,0
DA:336,0
DA:337,0
DA:338,0
DA:339,0
DA:344,0
DA:345,0
DA:348,0
DA:349,0
DA:350,0
DA:360,0
DA:365,0
DA:368,0
DA:369,0
DA:371,0
DA:373,0
DA:381,0
DA:386,0
DA:401,0
DA:402,0
DA:416,0
DA:417,0
DA:418,0
DA:425,0
DA:426,0
DA:433,0
DA:435,0
DA:436,0
DA:439,0
DA:442,0
DA:443,0
DA:444,0
DA:447,0
DA:449,0
DA:477,0
DA:481,0
DA:489,0
DA:495,0
DA:508,0
DA:513,0
DA:514,0
DA:515,0
DA:516,0
DA:519,0
DA:520,0
DA:521,0
DA:522,0
DA:525,0
DA:526,0
DA:533,0
DA:534,0
DA:537,0
DA:547,0
DA:549,0
DA:550,0
DA:552,0
DA:554,0
DA:562,0
DA:563,0
DA:564,0
DA:566,0
DA:567,0
DA:570,0
DA:571,0
DA:572,0
DA:574,0
DA:575,0
DA:576,0
DA:580,0
DA:581,0
DA:582,0
DA:586,0
DA:587,0
DA:589,0
DA:590,0
DA:592,0
DA:594,0
DA:595,0
DA:601,0
DA:606,0
DA:610,0
DA:612,0
DA:613,0
DA:619,0
DA:624,0
DA:625,0
DA:626,0
DA:629,0
DA:630,0
DA:632,0
DA:633,0
DA:647,0
DA:648,0
DA:652,0
DA:653,0
DA:654,0
DA:658,0
DA:659,0
DA:660,0
DA:662,0
DA:663,0
DA:665,0
DA:666,0
DA:667,0
DA:668,0
DA:669,0
DA:670,0
DA:671,0
DA:672,0
DA:675,0
DA:676,0
DA:682,0
DA:690,0
DA:699,0
DA:717,0
DA:718,0
DA:741,0
DA:742,0
DA:748,0
DA:759,0
DA:768,0
DA:794,0
DA:803,0
DA:826,0
DA:828,0
DA:829,0
DA:830,0
DA:832,0
DA:835,0
DA:836,0
DA:839,0
DA:840,0
DA:849,0
DA:850,0
DA:891,0
DA:892,0
DA:895,0
DA:896,0
DA:900,0
DA:926,0
DA:930,0
DA:938,0
DA:944,0
DA:963,0
DA:983,0
DA:986,0
DA:990,0
DA:1006,0
DA:1011,0
DA:1012,0
DA:1020,0
DA:1045,0
DA:1046,0
DA:1049,0
DA:1050,0
DA:1053,0
DA:1058,0
DA:1066,0
DA:1072,0
DA:1073,0
DA:1074,0
DA:1075,0
DA:1076,0
DA:1077,0
DA:1079,0
LF:298
LH:0
BRDA:106,0,0,0
BRDA:106,0,1,0
BRDA:182,1,0,0
BRDA:182,1,1,0
BRDA:184,2,0,0
BRDA:184,2,1,0
BRDA:187,3,0,0
BRDA:187,3,1,0
BRDA:192,4,0,0
BRDA:192,4,1,0
BRDA:203,5,0,0
BRDA:203,5,1,0
BRDA:210,6,0,0
BRDA:210,6,1,0
BRDA:212,7,0,0
BRDA:212,7,1,0
BRDA:231,8,0,0
BRDA:231,8,1,0
BRDA:231,9,0,0
BRDA:231,9,1,0
BRDA:336,10,0,0
BRDA:336,10,1,0
BRDA:337,11,0,0
BRDA:337,11,1,0
BRDA:356,12,0,0
BRDA:356,12,1,0
BRDA:357,13,0,0
BRDA:357,13,1,0
BRDA:374,14,0,0
BRDA:374,14,1,0
BRDA:375,15,0,0
BRDA:375,15,1,0
BRDA:393,16,0,0
BRDA:393,16,1,0
BRDA:395,17,0,0
BRDA:395,17,1,0
BRDA:396,18,0,0
BRDA:396,18,1,0
BRDA:435,19,0,0
BRDA:435,19,1,0
BRDA:447,20,0,0
BRDA:447,20,1,0
BRDA:452,21,0,0
BRDA:452,21,1,0
BRDA:463,22,0,0
BRDA:463,22,1,0
BRDA:470,23,0,0
BRDA:470,23,1,0
BRDA:533,24,0,0
BRDA:533,24,1,0
BRDA:549,25,0,0
BRDA:549,25,1,0
BRDA:552,26,0,0
BRDA:552,26,1,0
BRDA:556,27,0,0
BRDA:556,27,1,0
BRDA:558,28,0,0
BRDA:558,28,1,0
BRDA:559,29,0,0
BRDA:559,29,1,0
BRDA:560,30,0,0
BRDA:560,30,1,0
BRDA:562,31,0,0
BRDA:562,31,1,0
BRDA:563,32,0,0
BRDA:563,32,1,0
BRDA:566,33,0,0
BRDA:566,33,1,0
BRDA:574,34,0,0
BRDA:574,34,1,0
BRDA:574,35,0,0
BRDA:574,35,1,0
BRDA:581,36,0,0
BRDA:581,36,1,0
BRDA:632,37,0,0
BRDA:632,37,1,0
BRDA:632,38,0,0
BRDA:632,38,1,0
BRDA:635,39,0,0
BRDA:635,39,1,0
BRDA:639,40,0,0
BRDA:639,40,1,0
BRDA:644,41,0,0
BRDA:644,41,1,0
BRDA:653,42,0,0
BRDA:653,42,1,0
BRDA:663,43,0,0
BRDA:663,43,1,0
BRDA:665,44,0,0
BRDA:665,44,1,0
BRDA:668,45,0,0
BRDA:668,45,1,0
BRDA:668,46,0,0
BRDA:668,46,1,0
BRDA:670,47,0,0
BRDA:670,47,1,0
BRDA:670,48,0,0
BRDA:670,48,1,0
BRDA:675,49,0,0
BRDA:675,49,1,0
BRDA:710,50,0,0
BRDA:710,50,1,0
BRDA:712,51,0,0
BRDA:712,51,1,0
BRDA:734,52,0,0
BRDA:734,52,1,0
BRDA:751,53,0,0
BRDA:751,53,1,0
BRDA:765,54,0,0
BRDA:765,54,1,0
BRDA:787,55,0,0
BRDA:787,55,1,0
BRDA:787,55,2,0
BRDA:790,56,0,0
BRDA:790,56,1,0
BRDA:800,57,0,0
BRDA:800,57,1,0
BRDA:800,57,2,0
BRDA:802,58,0,0
BRDA:802,58,1,0
BRDA:809,59,0,0
BRDA:809,59,1,0
BRDA:812,60,0,0
BRDA:812,60,1,0
BRDA:829,61,0,0
BRDA:829,61,1,0
BRDA:835,62,0,0
BRDA:835,62,1,0
BRDA:839,63,0,0
BRDA:839,63,1,0
BRDA:854,64,0,0
BRDA:854,64,1,0
BRDA:864,65,0,0
BRDA:864,65,1,0
BRDA:877,66,0,0
BRDA:877,66,1,0
BRDA:881,67,0,0
BRDA:881,67,1,0
BRDA:886,68,0,0
BRDA:886,68,1,0
BRDA:889,69,0,0
BRDA:889,69,1,0
BRDA:895,70,0,0
BRDA:895,70,1,0
BRDA:903,71,0,0
BRDA:903,71,1,0
BRDA:919,72,0,0
BRDA:919,72,1,0
BRDA:973,73,0,0
BRDA:973,73,1,0
BRDA:977,74,0,0
BRDA:977,74,1,0
BRDA:980,75,0,0
BRDA:980,75,1,0
BRDA:983,76,0,0
BRDA:983,76,1,0
BRDA:989,77,0,0
BRDA:989,77,1,0
BRDA:989,77,2,0
BRDA:995,78,0,0
BRDA:995,78,1,0
BRDA:1011,79,0,0
BRDA:1011,79,1,0
BRDA:1011,80,0,0
BRDA:1011,80,1,0
BRDA:1017,81,0,0
BRDA:1017,81,1,0
BRDA:1046,82,0,0
BRDA:1046,82,1,0
BRDA:1049,83,0,0
BRDA:1049,83,1,0
BRDA:1054,84,0,0
BRDA:1054,84,1,0
BRDA:1055,85,0,0
BRDA:1055,85,1,0
BRDA:1074,86,0,0
BRDA:1074,86,1,0
BRDA:1081,87,0,0
BRDA:1081,87,1,0
BRDA:1086,88,0,0
BRDA:1086,88,1,0
BRF:181
BRH:0
end_of_record
TN:
SF:pages/bengkel/[slug]/index.js
FN:53,Screen
FN:101,(anonymous_1)
FN:103,(anonymous_2)
FN:109,(anonymous_3)
FN:115,(anonymous_4)
FN:120,(anonymous_5)
FN:123,(anonymous_6)
FN:124,(anonymous_7)
FN:131,(anonymous_8)
FN:143,(anonymous_9)
FN:153,(anonymous_10)
FN:164,(anonymous_11)
FN:169,(anonymous_12)
FN:187,(anonymous_13)
FN:212,(anonymous_14)
FN:223,(anonymous_15)
FN:240,(anonymous_16)
FN:243,(anonymous_17)
FN:250,(anonymous_18)
FN:260,(anonymous_19)
FN:270,(anonymous_20)
FN:275,(anonymous_21)
FN:294,(anonymous_22)
FN:299,(anonymous_23)
FN:303,(anonymous_24)
FN:339,(anonymous_25)
FN:345,(anonymous_26)
FN:359,(anonymous_27)
FN:364,(anonymous_28)
FN:365,(anonymous_29)
FN:369,(anonymous_30)
FN:376,(anonymous_31)
FN:383,(anonymous_32)
FN:387,(anonymous_33)
FN:392,(anonymous_34)
FN:397,(anonymous_35)
FN:400,(anonymous_36)
FN:406,(anonymous_37)
FN:422,(anonymous_38)
FN:426,(anonymous_39)
FN:436,(anonymous_40)
FN:441,(anonymous_41)
FN:452,(anonymous_42)
FN:476,(anonymous_43)
FN:486,(anonymous_44)
FN:488,(anonymous_45)
FN:495,(anonymous_46)
FN:533,(anonymous_47)
FN:534,(anonymous_48)
FN:564,(anonymous_49)
FN:576,(anonymous_50)
FN:577,(anonymous_51)
FN:600,(anonymous_52)
FN:623,(anonymous_53)
FN:682,(anonymous_54)
FN:746,(anonymous_55)
FN:777,(anonymous_56)
FN:785,(anonymous_57)
FN:790,(anonymous_58)
FN:806,(anonymous_59)
FN:818,(anonymous_60)
FN:834,(anonymous_61)
FN:858,(anonymous_62)
FN:906,(anonymous_63)
FN:918,(anonymous_64)
FN:935,(anonymous_65)
FN:944,(anonymous_66)
FN:949,(anonymous_67)
FN:1008,(anonymous_68)
FN:1009,(anonymous_69)
FN:1040,getServerSideProps
FNF:71
FNH:0
FNDA:0,Screen
FNDA:0,(anonymous_1)
FNDA:0,(anonymous_2)
FNDA:0,(anonymous_3)
FNDA:0,(anonymous_4)
FNDA:0,(anonymous_5)
FNDA:0,(anonymous_6)
FNDA:0,(anonymous_7)
FNDA:0,(anonymous_8)
FNDA:0,(anonymous_9)
FNDA:0,(anonymous_10)
FNDA:0,(anonymous_11)
FNDA:0,(anonymous_12)
FNDA:0,(anonymous_13)
FNDA:0,(anonymous_14)
FNDA:0,(anonymous_15)
FNDA:0,(anonymous_16)
FNDA:0,(anonymous_17)
FNDA:0,(anonymous_18)
FNDA:0,(anonymous_19)
FNDA:0,(anonymous_20)
FNDA:0,(anonymous_21)
FNDA:0,(anonymous_22)
FNDA:0,(anonymous_23)
FNDA:0,(anonymous_24)
FNDA:0,(anonymous_25)
FNDA:0,(anonymous_26)
FNDA:0,(anonymous_27)
FNDA:0,(anonymous_28)
FNDA:0,(anonymous_29)
FNDA:0,(anonymous_30)
FNDA:0,(anonymous_31)
FNDA:0,(anonymous_32)
FNDA:0,(anonymous_33)
FNDA:0,(anonymous_34)
FNDA:0,(anonymous_35)
FNDA:0,(anonymous_36)
FNDA:0,(anonymous_37)
FNDA:0,(anonymous_38)
FNDA:0,(anonymous_39)
FNDA:0,(anonymous_40)
FNDA:0,(anonymous_41)
FNDA:0,(anonymous_42)
FNDA:0,(anonymous_43)
FNDA:0,(anonymous_44)
FNDA:0,(anonymous_45)
FNDA:0,(anonymous_46)
FNDA:0,(anonymous_47)
FNDA:0,(anonymous_48)
FNDA:0,(anonymous_49)
FNDA:0,(anonymous_50)
FNDA:0,(anonymous_51)
FNDA:0,(anonymous_52)
FNDA:0,(anonymous_53)
FNDA:0,(anonymous_54)
FNDA:0,(anonymous_55)
FNDA:0,(anonymous_56)
FNDA:0,(anonymous_57)
FNDA:0,(anonymous_58)
FNDA:0,(anonymous_59)
FNDA:0,(anonymous_60)
FNDA:0,(anonymous_61)
FNDA:0,(anonymous_62)
FNDA:0,(anonymous_63)
FNDA:0,(anonymous_64)
FNDA:0,(anonymous_65)
FNDA:0,(anonymous_66)
FNDA:0,(anonymous_67)
FNDA:0,(anonymous_68)
FNDA:0,(anonymous_69)
FNDA:0,getServerSideProps
DA:51,0
DA:62,0
DA:64,0
DA:65,0
DA:66,0
DA:67,0
DA:69,0
DA:72,0
DA:73,0
DA:74,0
DA:77,0
DA:78,0
DA:79,0
DA:80,0
DA:81,0
DA:82,0
DA:83,0
DA:85,0
DA:86,0
DA:87,0
DA:88,0
DA:89,0
DA:90,0
DA:91,0
DA:92,0
DA:93,0
DA:94,0
DA:95,0
DA:96,0
DA:97,0
DA:98,0
DA:99,0
DA:101,0
DA:103,0
DA:104,0
DA:105,0
DA:106,0
DA:109,0
DA:110,0
DA:111,0
DA:112,0
DA:115,0
DA:116,0
DA:117,0
DA:120,0
DA:121,0
DA:123,0
DA:124,0
DA:131,0
DA:132,0
DA:133,0
DA:135,0
DA:143,0
DA:144,0
DA:145,0
DA:146,0
DA:147,0
DA:153,0
DA:154,0
DA:156,0
DA:163,0
DA:165,0
DA:166,0
DA:167,0
DA:170,0
DA:171,0
DA:172,0
DA:173,0
DA:174,0
DA:175,0
DA:177,0
DA:180,0
DA:182,0
DA:183,0
DA:187,0
DA:188,0
DA:189,0
DA:195,0
DA:197,0
DA:198,0
DA:200,0
DA:206,0
DA:209,0
DA:210,0
DA:212,0
DA:213,0
DA:221,0
DA:222,0
DA:223,0
DA:224,0
DA:225,0
DA:226,0
DA:227,0
DA:230,0
DA:233,0
DA:234,0
DA:237,0
DA:240,0
DA:241,0
DA:243,0
DA:244,0
DA:247,0
DA:250,0
DA:251,0
DA:252,0
DA:254,0
DA:256,0
DA:260,0
DA:261,0
DA:262,0
DA:264,0
DA:266,0
DA:270,0
DA:271,0
DA:273,0
DA:275,0
DA:276,0
DA:277,0
DA:285,0
DA:289,0
DA:290,0
DA:291,0
DA:294,0
DA:295,0
DA:296,0
DA:299,0
DA:300,0
DA:302,0
DA:303,0
DA:304,0
DA:310,0
DA:321,0
DA:323,0
DA:324,0
DA:332,0
DA:335,0
DA:339,0
DA:340,0
DA:342,0
DA:345,0
DA:346,0
DA:349,0
DA:350,0
DA:352,0
DA:359,0
DA:360,0
DA:361,0
DA:364,0
DA:365,0
DA:366,0
DA:369,0
DA:373,0
DA:376,0
DA:377,0
DA:378,0
DA:380,0
DA:383,0
DA:384,0
DA:387,0
DA:388,0
DA:389,0
DA:392,0
DA:393,0
DA:394,0
DA:397,0
DA:398,0
DA:400,0
DA:401,0
DA:403,0
DA:406,0
DA:409,0
DA:411,0
DA:413,0
DA:414,0
DA:415,0
DA:417,0
DA:419,0
DA:422,0
DA:423,0
DA:426,0
DA:427,0
DA:428,0
DA:436,0
DA:437,0
DA:438,0
DA:441,0
DA:442,0
DA:443,0
DA:452,0
DA:453,0
DA:454,0
DA:455,0
DA:468,0
DA:469,0
DA:476,0
DA:477,0
DA:478,0
DA:479,0
DA:482,0
DA:486,0
DA:487,0
DA:488,0
DA:489,0
DA:490,0
DA:495,0
DA:497,0
DA:499,0
DA:502,0
DA:503,0
DA:504,0
DA:505,0
DA:506,0
DA:508,0
DA:512,0
DA:513,0
DA:514,0
DA:515,0
DA:516,0
DA:519,0
DA:533,0
DA:534,0
DA:565,0
DA:566,0
DA:567,0
DA:576,0
DA:577,0
DA:600,0
DA:624,0
DA:683,0
DA:685,0
DA:747,0
DA:748,0
DA:777,0
DA:785,0
DA:790,0
DA:807,0
DA:808,0
DA:818,0
DA:835,0
DA:858,0
DA:906,0
DA:919,0
DA:936,0
DA:937,0
DA:938,0
DA:944,0
DA:949,0
DA:1009,0
DA:1010,0
DA:1014,0
DA:1041,0
DA:1042,0
DA:1044,0
DA:1049,0
DA:1057,0
DA:1059,0
DA:1064,0
DA:1069,0
DA:1070,0
DA:1077,0
DA:1078,0
DA:1080,0
DA:1081,0
DA:1082,0
DA:1083,0
DA:1085,0
DA:1086,0
DA:1089,0
LF:268
LH:0
BRDA:73,0,0,0
BRDA:73,0,1,0
BRDA:73,1,0,0
BRDA:73,1,1,0
BRDA:104,2,0,0
BRDA:104,2,1,0
BRDA:105,3,0,0
BRDA:105,3,1,0
BRDA:110,4,0,0
BRDA:110,4,1,0
BRDA:111,5,0,0
BRDA:111,5,1,0
BRDA:116,6,0,0
BRDA:116,6,1,0
BRDA:171,7,0,0
BRDA:171,7,1,0
BRDA:172,8,0,0
BRDA:172,8,1,0
BRDA:174,9,0,0
BRDA:174,9,1,0
BRDA:209,10,0,0
BRDA:209,10,1,0
BRDA:222,11,0,0
BRDA:222,11,1,0
BRDA:223,12,0,0
BRDA:223,12,1,0
BRDA:251,13,0,0
BRDA:251,13,1,0
BRDA:261,14,0,0
BRDA:261,14,1,0
BRDA:276,15,0,0
BRDA:276,15,1,0
BRDA:302,16,0,0
BRDA:302,16,1,0
BRDA:323,17,0,0
BRDA:323,17,1,0
BRDA:349,18,0,0
BRDA:349,18,1,0
BRDA:377,19,0,0
BRDA:377,19,1,0
BRDA:403,20,0,0
BRDA:403,20,1,0
BRDA:414,21,0,0
BRDA:414,21,1,0
BRDA:417,22,0,0
BRDA:417,22,1,0
BRDA:427,23,0,0
BRDA:427,23,1,0
BRDA:431,24,0,0
BRDA:431,24,1,0
BRDA:442,25,0,0
BRDA:442,25,1,0
BRDA:442,26,0,0
BRDA:442,26,1,0
BRDA:454,27,0,0
BRDA:454,27,1,0
BRDA:454,28,0,0
BRDA:454,28,1,0
BRDA:454,28,2,0
BRDA:457,29,0,0
BRDA:457,29,1,0
BRDA:458,30,0,0
BRDA:458,30,1,0
BRDA:465,31,0,0
BRDA:465,31,1,0
BRDA:471,32,0,0
BRDA:471,32,1,0
BRDA:477,33,0,0
BRDA:477,33,1,0
BRDA:478,34,0,0
BRDA:478,34,1,0
BRDA:487,35,0,0
BRDA:487,35,1,0
BRDA:487,36,0,0
BRDA:487,36,1,0
BRDA:487,36,2,0
BRDA:489,37,0,0
BRDA:489,37,1,0
BRDA:497,38,0,0
BRDA:497,38,1,0
BRDA:497,38,2,0
BRDA:502,39,0,0
BRDA:502,39,1,0
BRDA:502,40,0,0
BRDA:502,40,1,0
BRDA:503,41,0,0
BRDA:503,41,1,0
BRDA:505,42,0,0
BRDA:505,42,1,0
BRDA:515,43,0,0
BRDA:515,43,1,0
BRDA:529,44,0,0
BRDA:529,44,1,0
BRDA:558,45,0,0
BRDA:558,45,1,0
BRDA:560,46,0,0
BRDA:560,46,1,0
BRDA:606,47,0,0
BRDA:606,47,1,0
BRDA:606,48,0,0
BRDA:606,48,1,0
BRDA:645,49,0,0
BRDA:645,49,1,0
BRDA:652,50,0,0
BRDA:652,50,1,0
BRDA:664,51,0,0
BRDA:664,51,1,0
BRDA:664,51,2,0
BRDA:677,52,0,0
BRDA:677,52,1,0
BRDA:703,53,0,0
BRDA:703,53,1,0
BRDA:723,54,0,0
BRDA:723,54,1,0
BRDA:725,55,0,0
BRDA:725,55,1,0
BRDA:757,56,0,0
BRDA:757,56,1,0
BRDA:771,57,0,0
BRDA:771,57,1,0
BRDA:796,58,0,0
BRDA:796,58,1,0
BRDA:814,59,0,0
BRDA:814,59,1,0
BRDA:815,60,0,0
BRDA:815,60,1,0
BRDA:827,61,0,0
BRDA:827,61,1,0
BRDA:832,62,0,0
BRDA:832,62,1,0
BRDA:839,63,0,0
BRDA:839,63,1,0
BRDA:843,64,0,0
BRDA:843,64,1,0
BRDA:847,65,0,0
BRDA:847,65,1,0
BRDA:852,66,0,0
BRDA:852,66,1,0
BRDA:867,67,0,0
BRDA:867,67,1,0
BRDA:878,68,0,0
BRDA:878,68,1,0
BRDA:889,69,0,0
BRDA:889,69,1,0
BRDA:923,70,0,0
BRDA:923,70,1,0
BRDA:925,71,0,0
BRDA:925,71,1,0
BRDA:936,72,0,0
BRDA:936,72,1,0
BRDA:955,73,0,0
BRDA:955,73,1,0
BRDA:979,74,0,0
BRDA:979,74,1,0
BRDA:982,75,0,0
BRDA:982,75,1,0
BRDA:1007,76,0,0
BRDA:1007,76,1,0
BRDA:1024,77,0,0
BRDA:1024,77,1,0
BRDA:1042,78,0,0
BRDA:1042,78,1,0
BRDA:1045,79,0,0
BRDA:1045,79,1,0
BRDA:1046,80,0,0
BRDA:1046,80,1,0
BRDA:1071,81,0,0
BRDA:1071,81,1,0
BRDA:1085,82,0,0
BRDA:1085,82,1,0
BRDA:1085,83,0,0
BRDA:1085,83,1,0
BRDA:1091,84,0,0
BRDA:1091,84,1,0
BRDA:1092,85,0,0
BRDA:1092,85,1,0
BRF:176
BRH:0
end_of_record
TN:
SF:pages/bengkel/rekomendasi/index.js
FN:46,Screen
FN:95,(anonymous_1)
FN:104,(anonymous_2)
FN:108,(anonymous_3)
FN:109,(anonymous_4)
FN:121,(anonymous_5)
FN:126,(anonymous_6)
FN:138,(anonymous_7)
FN:152,(anonymous_8)
FN:159,(anonymous_9)
FN:181,(anonymous_10)
FN:191,(anonymous_11)
FN:208,(anonymous_12)
FN:218,(anonymous_13)
FN:228,(anonymous_14)
FN:231,(anonymous_15)
FN:245,(anonymous_16)
FN:250,(anonymous_17)
FN:256,(anonymous_18)
FN:269,(anonymous_19)
FN:272,(anonymous_20)
FN:288,(anonymous_21)
FN:297,(anonymous_22)
FN:315,(anonymous_23)
FN:324,(anonymous_24)
FN:328,(anonymous_25)
FN:329,(anonymous_26)
FN:340,(anonymous_27)
FN:348,(anonymous_28)
FN:351,(anonymous_29)
FN:361,(anonymous_30)
FN:366,(anonymous_31)
FN:380,(anonymous_32)
FN:393,(anonymous_33)
FN:394,(anonymous_34)
FN:402,(anonymous_35)
FN:419,(anonymous_36)
FN:420,(anonymous_37)
FN:454,(anonymous_38)
FN:457,(anonymous_39)
FN:466,(anonymous_40)
FN:472,(anonymous_41)
FN:485,(anonymous_42)
FN:490,(anonymous_43)
FN:495,(anonymous_44)
FN:500,(anonymous_45)
FN:522,(anonymous_46)
FN:546,(anonymous_47)
FN:556,(anonymous_48)
FN:562,(anonymous_49)
FN:564,(anonymous_50)
FN:570,(anonymous_51)
FN:583,(anonymous_52)
FN:586,(anonymous_53)
FN:596,(anonymous_54)
FN:600,(anonymous_55)
FN:604,(anonymous_56)
FN:641,(anonymous_57)
FN:680,(anonymous_58)
FN:681,(anonymous_59)
FN:686,(anonymous_60)
FN:698,(anonymous_61)
FN:707,(anonymous_62)
FN:733,(anonymous_63)
FN:742,(anonymous_64)
FN:765,(anonymous_65)
FN:766,(anonymous_66)
FN:767,(anonymous_67)
FN:787,(anonymous_68)
FN:826,(anonymous_69)
FN:828,(anonymous_70)
FN:862,(anonymous_71)
FN:865,(anonymous_72)
FN:874,(anonymous_73)
FN:880,(anonymous_74)
FN:899,(anonymous_75)
FN:924,(anonymous_76)
FN:928,(anonymous_77)
FN:938,(anonymous_78)
FN:962,getServerSideProps
FNF:80
FNH:0
FNDA:0,Screen
FNDA:0,(anonymous_1)
FNDA:0,(anonymous_2)
FNDA:0,(anonymous_3)
FNDA:0,(anonymous_4)
FNDA:0,(anonymous_5)
FNDA:0,(anonymous_6)
FNDA:0,(anonymous_7)
FNDA:0,(anonymous_8)
FNDA:0,(anonymous_9)
FNDA:0,(anonymous_10)
FNDA:0,(anonymous_11)
FNDA:0,(anonymous_12)
FNDA:0,(anonymous_13)
FNDA:0,(anonymous_14)
FNDA:0,(anonymous_15)
FNDA:0,(anonymous_16)
FNDA:0,(anonymous_17)
FNDA:0,(anonymous_18)
FNDA:0,(anonymous_19)
FNDA:0,(anonymous_20)
FNDA:0,(anonymous_21)
FNDA:0,(anonymous_22)
FNDA:0,(anonymous_23)
FNDA:0,(anonymous_24)
FNDA:0,(anonymous_25)
FNDA:0,(anonymous_26)
FNDA:0,(anonymous_27)
FNDA:0,(anonymous_28)
FNDA:0,(anonymous_29)
FNDA:0,(anonymous_30)
FNDA:0,(anonymous_31)
FNDA:0,(anonymous_32)
FNDA:0,(anonymous_33)
FNDA:0,(anonymous_34)
FNDA:0,(anonymous_35)
FNDA:0,(anonymous_36)
FNDA:0,(anonymous_37)
FNDA:0,(anonymous_38)
FNDA:0,(anonymous_39)
FNDA:0,(anonymous_40)
FNDA:0,(anonymous_41)
FNDA:0,(anonymous_42)
FNDA:0,(anonymous_43)
FNDA:0,(anonymous_44)
FNDA:0,(anonymous_45)
FNDA:0,(anonymous_46)
FNDA:0,(anonymous_47)
FNDA:0,(anonymous_48)
FNDA:0,(anonymous_49)
FNDA:0,(anonymous_50)
FNDA:0,(anonymous_51)
FNDA:0,(anonymous_52)
FNDA:0,(anonymous_53)
FNDA:0,(anonymous_54)
FNDA:0,(anonymous_55)
FNDA:0,(anonymous_56)
FNDA:0,(anonymous_57)
FNDA:0,(anonymous_58)
FNDA:0,(anonymous_59)
FNDA:0,(anonymous_60)
FNDA:0,(anonymous_61)
FNDA:0,(anonymous_62)
FNDA:0,(anonymous_63)
FNDA:0,(anonymous_64)
FNDA:0,(anonymous_65)
FNDA:0,(anonymous_66)
FNDA:0,(anonymous_67)
FNDA:0,(anonymous_68)
FNDA:0,(anonymous_69)
FNDA:0,(anonymous_70)
FNDA:0,(anonymous_71)
FNDA:0,(anonymous_72)
FNDA:0,(anonymous_73)
FNDA:0,(anonymous_74)
FNDA:0,(anonymous_75)
FNDA:0,(anonymous_76)
FNDA:0,(anonymous_77)
FNDA:0,(anonymous_78)
FNDA:0,getServerSideProps
DA:42,0
DA:44,0
DA:47,0
DA:56,0
DA:58,0
DA:59,0
DA:61,0
DA:62,0
DA:64,0
DA:65,0
DA:66,0
DA:68,0
DA:69,0
DA:70,0
DA:71,0
DA:72,0
DA:73,0
DA:74,0
DA:75,0
DA:76,0
DA:77,0
DA:78,0
DA:79,0
DA:80,0
DA:81,0
DA:82,0
DA:83,0
DA:84,0
DA:85,0
DA:86,0
DA:87,0
DA:89,0
DA:95,0
DA:96,0
DA:97,0
DA:98,0
DA:100,0
DA:104,0
DA:105,0
DA:107,0
DA:108,0
DA:110,0
DA:116,0
DA:122,0
DA:126,0
DA:127,0
DA:129,0
DA:130,0
DA:131,0
DA:133,0
DA:135,0
DA:138,0
DA:139,0
DA:141,0
DA:142,0
DA:144,0
DA:149,0
DA:152,0
DA:153,0
DA:154,0
DA:156,0
DA:159,0
DA:160,0
DA:162,0
DA:164,0
DA:166,0
DA:167,0
DA:169,0
DA:170,0
DA:174,0
DA:175,0
DA:178,0
DA:181,0
DA:182,0
DA:183,0
DA:185,0
DA:186,0
DA:187,0
DA:188,0
DA:191,0
DA:192,0
DA:194,0
DA:195,0
DA:197,0
DA:198,0
DA:201,0
DA:204,0
DA:208,0
DA:209,0
DA:210,0
DA:211,0
DA:213,0
DA:214,0
DA:218,0
DA:219,0
DA:223,0
DA:228,0
DA:229,0
DA:231,0
DA:232,0
DA:240,0
DA:243,0
DA:245,0
DA:246,0
DA:247,0
DA:249,0
DA:251,0
DA:256,0
DA:257,0
DA:263,0
DA:270,0
DA:272,0
DA:273,0
DA:279,0
DA:288,0
DA:289,0
DA:290,0
DA:292,0
DA:297,0
DA:298,0
DA:300,0
DA:301,0
DA:306,0
DA:308,0
DA:315,0
DA:316,0
DA:317,0
DA:318,0
DA:319,0
DA:324,0
DA:325,0
DA:328,0
DA:329,0
DA:330,0
DA:340,0
DA:345,0
DA:348,0
DA:349,0
DA:351,0
DA:353,0
DA:361,0
DA:366,0
DA:380,0
DA:393,0
DA:394,0
DA:395,0
DA:402,0
DA:403,0
DA:410,0
DA:412,0
DA:413,0
DA:416,0
DA:419,0
DA:420,0
DA:421,0
DA:424,0
DA:426,0
DA:454,0
DA:458,0
DA:466,0
DA:472,0
DA:485,0
DA:490,0
DA:491,0
DA:492,0
DA:495,0
DA:496,0
DA:497,0
DA:500,0
DA:501,0
DA:508,0
DA:509,0
DA:512,0
DA:522,0
DA:524,0
DA:525,0
DA:527,0
DA:529,0
DA:538,0
DA:539,0
DA:540,0
DA:542,0
DA:543,0
DA:546,0
DA:547,0
DA:548,0
DA:550,0
DA:551,0
DA:552,0
DA:556,0
DA:557,0
DA:558,0
DA:562,0
DA:563,0
DA:565,0
DA:566,0
DA:568,0
DA:570,0
DA:571,0
DA:577,0
DA:584,0
DA:586,0
DA:587,0
DA:596,0
DA:597,0
DA:600,0
DA:601,0
DA:604,0
DA:605,0
DA:606,0
DA:608,0
DA:609,0
DA:611,0
DA:612,0
DA:613,0
DA:614,0
DA:615,0
DA:616,0
DA:617,0
DA:618,0
DA:621,0
DA:622,0
DA:628,0
DA:636,0
DA:641,0
DA:680,0
DA:681,0
DA:687,0
DA:698,0
DA:707,0
DA:733,0
DA:742,0
DA:765,0
DA:767,0
DA:768,0
DA:769,0
DA:771,0
DA:774,0
DA:775,0
DA:778,0
DA:779,0
DA:787,0
DA:827,0
DA:828,0
DA:831,0
DA:832,0
DA:836,0
DA:862,0
DA:866,0
DA:874,0
DA:880,0
DA:899,0
DA:924,0
DA:929,0
DA:930,0
DA:938,0
DA:963,0
DA:965,0
DA:968,0
DA:969,0
DA:972,0
DA:977,0
DA:986,0
DA:991,0
DA:992,0
DA:993,0
DA:994,0
DA:995,0
DA:997,0
LF:269
LH:0
BRDA:97,0,0,0
BRDA:97,0,1,0
BRDA:164,1,0,0
BRDA:164,1,1,0
BRDA:166,2,0,0
BRDA:166,2,1,0
BRDA:169,3,0,0
BRDA:169,3,1,0
BRDA:174,4,0,0
BRDA:174,4,1,0
BRDA:185,5,0,0
BRDA:185,5,1,0
BRDA:192,6,0,0
BRDA:192,6,1,0
BRDA:194,7,0,0
BRDA:194,7,1,0
BRDA:213,8,0,0
BRDA:213,8,1,0
BRDA:213,9,0,0
BRDA:213,9,1,0
BRDA:316,10,0,0
BRDA:316,10,1,0
BRDA:317,11,0,0
BRDA:317,11,1,0
BRDA:336,12,0,0
BRDA:336,12,1,0
BRDA:337,13,0,0
BRDA:337,13,1,0
BRDA:354,14,0,0
BRDA:354,14,1,0
BRDA:355,15,0,0
BRDA:355,15,1,0
BRDA:373,16,0,0
BRDA:373,16,1,0
BRDA:375,17,0,0
BRDA:375,17,1,0
BRDA:376,18,0,0
BRDA:376,18,1,0
BRDA:412,19,0,0
BRDA:412,19,1,0
BRDA:424,20,0,0
BRDA:424,20,1,0
BRDA:429,21,0,0
BRDA:429,21,1,0
BRDA:440,22,0,0
BRDA:440,22,1,0
BRDA:447,23,0,0
BRDA:447,23,1,0
BRDA:508,24,0,0
BRDA:508,24,1,0
BRDA:524,25,0,0
BRDA:524,25,1,0
BRDA:527,26,0,0
BRDA:527,26,1,0
BRDA:531,27,0,0
BRDA:531,27,1,0
BRDA:533,28,0,0
BRDA:533,28,1,0
BRDA:534,29,0,0
BRDA:534,29,1,0
BRDA:535,30,0,0
BRDA:535,30,1,0
BRDA:538,31,0,0
BRDA:538,31,1,0
BRDA:539,32,0,0
BRDA:539,32,1,0
BRDA:542,33,0,0
BRDA:542,33,1,0
BRDA:550,34,0,0
BRDA:550,34,1,0
BRDA:550,35,0,0
BRDA:550,35,1,0
BRDA:557,36,0,0
BRDA:557,36,1,0
BRDA:609,37,0,0
BRDA:609,37,1,0
BRDA:611,38,0,0
BRDA:611,38,1,0
BRDA:614,39,0,0
BRDA:614,39,1,0
BRDA:614,40,0,0
BRDA:614,40,1,0
BRDA:616,41,0,0
BRDA:616,41,1,0
BRDA:616,42,0,0
BRDA:616,42,1,0
BRDA:621,43,0,0
BRDA:621,43,1,0
BRDA:652,44,0,0
BRDA:652,44,1,0
BRDA:654,45,0,0
BRDA:654,45,1,0
BRDA:673,46,0,0
BRDA:673,46,1,0
BRDA:690,47,0,0
BRDA:690,47,1,0
BRDA:704,48,0,0
BRDA:704,48,1,0
BRDA:726,49,0,0
BRDA:726,49,1,0
BRDA:726,49,2,0
BRDA:729,50,0,0
BRDA:729,50,1,0
BRDA:739,51,0,0
BRDA:739,51,1,0
BRDA:739,51,2,0
BRDA:741,52,0,0
BRDA:741,52,1,0
BRDA:748,53,0,0
BRDA:748,53,1,0
BRDA:751,54,0,0
BRDA:751,54,1,0
BRDA:768,55,0,0
BRDA:768,55,1,0
BRDA:774,56,0,0
BRDA:774,56,1,0
BRDA:778,57,0,0
BRDA:778,57,1,0
BRDA:790,58,0,0
BRDA:790,58,1,0
BRDA:800,59,0,0
BRDA:800,59,1,0
BRDA:813,60,0,0
BRDA:813,60,1,0
BRDA:817,61,0,0
BRDA:817,61,1,0
BRDA:822,62,0,0
BRDA:822,62,1,0
BRDA:825,63,0,0
BRDA:825,63,1,0
BRDA:831,64,0,0
BRDA:831,64,1,0
BRDA:839,65,0,0
BRDA:839,65,1,0
BRDA:855,66,0,0
BRDA:855,66,1,0
BRDA:909,67,0,0
BRDA:909,67,1,0
BRDA:913,68,0,0
BRDA:913,68,1,0
BRDA:929,69,0,0
BRDA:929,69,1,0
BRDA:929,70,0,0
BRDA:929,70,1,0
BRDA:935,71,0,0
BRDA:935,71,1,0
BRDA:965,72,0,0
BRDA:965,72,1,0
BRDA:968,73,0,0
BRDA:968,73,1,0
BRDA:973,74,0,0
BRDA:973,74,1,0
BRDA:974,75,0,0
BRDA:974,75,1,0
BRDA:993,76,0,0
BRDA:993,76,1,0
BRDA:999,77,0,0
BRDA:999,77,1,0
BRDA:1004,78,0,0
BRDA:1004,78,1,0
BRF:160
BRH:0
end_of_record
TN:
SF:pages/cari/index.js
FN:47,(anonymous_0)
FN:82,(anonymous_1)
FN:90,(anonymous_2)
FN:114,(anonymous_3)
FN:128,(anonymous_4)
FN:140,(anonymous_5)
FN:147,(anonymous_6)
FN:151,(anonymous_7)
FN:152,(anonymous_8)
FN:160,(anonymous_9)
FN:165,(anonymous_10)
FN:167,(anonymous_11)
FN:173,(anonymous_12)
FN:184,(anonymous_13)
FN:187,(anonymous_14)
FN:199,(anonymous_15)
FN:215,(anonymous_16)
FN:226,(anonymous_17)
FN:249,(anonymous_18)
FN:270,(anonymous_19)
FN:296,fetchSearchResult
FN:350,(anonymous_21)
FN:359,(anonymous_22)
FN:397,(anonymous_23)
FN:402,(anonymous_24)
FN:423,(anonymous_25)
FN:435,(anonymous_26)
FN:448,(anonymous_27)
FN:452,(anonymous_28)
FN:453,(anonymous_29)
FN:457,(anonymous_30)
FN:472,(anonymous_31)
FN:479,(anonymous_32)
FN:496,(anonymous_33)
FN:506,(anonymous_34)
FN:510,(anonymous_35)
FN:521,(anonymous_36)
FN:532,(anonymous_37)
FN:543,(anonymous_38)
FN:560,(anonymous_39)
FN:578,(anonymous_40)
FN:632,(anonymous_41)
FN:633,(anonymous_42)
FN:660,(anonymous_43)
FN:666,(anonymous_44)
FN:667,(anonymous_45)
FN:683,(anonymous_46)
FN:689,(anonymous_47)
FN:692,(anonymous_48)
FN:697,(anonymous_49)
FN:707,(anonymous_50)
FN:711,(anonymous_51)
FN:715,(anonymous_52)
FN:719,(anonymous_53)
FN:721,(anonymous_54)
FN:733,(anonymous_55)
FN:741,(anonymous_56)
FN:754,(anonymous_57)
FN:759,(anonymous_58)
FN:760,(anonymous_59)
FN:764,(anonymous_60)
FN:769,(anonymous_61)
FN:802,(anonymous_62)
FN:809,(anonymous_63)
FN:816,(anonymous_64)
FN:826,(anonymous_65)
FN:837,(anonymous_66)
FN:852,(anonymous_67)
FN:857,(anonymous_68)
FN:883,(anonymous_69)
FN:892,(anonymous_70)
FN:914,(anonymous_71)
FN:930,(anonymous_72)
FN:931,(anonymous_73)
FN:937,(anonymous_74)
FN:948,(anonymous_75)
FN:956,(anonymous_76)
FN:957,(anonymous_77)
FN:973,(anonymous_78)
FN:1057,(anonymous_79)
FN:1065,(anonymous_80)
FN:1071,(anonymous_81)
FNF:82
FNH:0
FNDA:0,(anonymous_0)
FNDA:0,(anonymous_1)
FNDA:0,(anonymous_2)
FNDA:0,(anonymous_3)
FNDA:0,(anonymous_4)
FNDA:0,(anonymous_5)
FNDA:0,(anonymous_6)
FNDA:0,(anonymous_7)
FNDA:0,(anonymous_8)
FNDA:0,(anonymous_9)
FNDA:0,(anonymous_10)
FNDA:0,(anonymous_11)
FNDA:0,(anonymous_12)
FNDA:0,(anonymous_13)
FNDA:0,(anonymous_14)
FNDA:0,(anonymous_15)
FNDA:0,(anonymous_16)
FNDA:0,(anonymous_17)
FNDA:0,(anonymous_18)
FNDA:0,(anonymous_19)
FNDA:0,fetchSearchResult
FNDA:0,(anonymous_21)
FNDA:0,(anonymous_22)
FNDA:0,(anonymous_23)
FNDA:0,(anonymous_24)
FNDA:0,(anonymous_25)
FNDA:0,(anonymous_26)
FNDA:0,(anonymous_27)
FNDA:0,(anonymous_28)
FNDA:0,(anonymous_29)
FNDA:0,(anonymous_30)
FNDA:0,(anonymous_31)
FNDA:0,(anonymous_32)
FNDA:0,(anonymous_33)
FNDA:0,(anonymous_34)
FNDA:0,(anonymous_35)
FNDA:0,(anonymous_36)
FNDA:0,(anonymous_37)
FNDA:0,(anonymous_38)
FNDA:0,(anonymous_39)
FNDA:0,(anonymous_40)
FNDA:0,(anonymous_41)
FNDA:0,(anonymous_42)
FNDA:0,(anonymous_43)
FNDA:0,(anonymous_44)
FNDA:0,(anonymous_45)
FNDA:0,(anonymous_46)
FNDA:0,(anonymous_47)
FNDA:0,(anonymous_48)
FNDA:0,(anonymous_49)
FNDA:0,(anonymous_50)
FNDA:0,(anonymous_51)
FNDA:0,(anonymous_52)
FNDA:0,(anonymous_53)
FNDA:0,(anonymous_54)
FNDA:0,(anonymous_55)
FNDA:0,(anonymous_56)
FNDA:0,(anonymous_57)
FNDA:0,(anonymous_58)
FNDA:0,(anonymous_59)
FNDA:0,(anonymous_60)
FNDA:0,(anonymous_61)
FNDA:0,(anonymous_62)
FNDA:0,(anonymous_63)
FNDA:0,(anonymous_64)
FNDA:0,(anonymous_65)
FNDA:0,(anonymous_66)
FNDA:0,(anonymous_67)
FNDA:0,(anonymous_68)
FNDA:0,(anonymous_69)
FNDA:0,(anonymous_70)
FNDA:0,(anonymous_71)
FNDA:0,(anonymous_72)
FNDA:0,(anonymous_73)
FNDA:0,(anonymous_74)
FNDA:0,(anonymous_75)
FNDA:0,(anonymous_76)
FNDA:0,(anonymous_77)
FNDA:0,(anonymous_78)
FNDA:0,(anonymous_79)
FNDA:0,(anonymous_80)
FNDA:0,(anonymous_81)
DA:45,0
DA:47,0
DA:48,0
DA:49,0
DA:51,0
DA:52,0
DA:53,0
DA:54,0
DA:55,0
DA:56,0
DA:57,0
DA:58,0
DA:59,0
DA:60,0
DA:61,0
DA:62,0
DA:63,0
DA:65,0
DA:66,0
DA:67,0
DA:68,0
DA:70,0
DA:71,0
DA:73,0
DA:74,0
DA:75,0
DA:76,0
DA:77,0
DA:78,0
DA:79,0
DA:82,0
DA:83,0
DA:84,0
DA:88,0
DA:90,0
DA:91,0
DA:92,0
DA:93,0
DA:94,0
DA:95,0
DA:96,0
DA:97,0
DA:103,0
DA:114,0
DA:115,0
DA:117,0
DA:118,0
DA:122,0
DA:128,0
DA:129,0
DA:130,0
DA:131,0
DA:133,0
DA:136,0
DA:137,0
DA:140,0
DA:141,0
DA:143,0
DA:144,0
DA:147,0
DA:148,0
DA:150,0
DA:151,0
DA:153,0
DA:161,0
DA:165,0
DA:166,0
DA:168,0
DA:169,0
DA:171,0
DA:173,0
DA:174,0
DA:181,0
DA:185,0
DA:187,0
DA:188,0
DA:193,0
DA:199,0
DA:200,0
DA:201,0
DA:206,0
DA:215,0
DA:216,0
DA:217,0
DA:219,0
DA:220,0
DA:221,0
DA:223,0
DA:226,0
DA:227,0
DA:228,0
DA:229,0
DA:230,0
DA:231,0
DA:232,0
DA:233,0
DA:237,0
DA:238,0
DA:241,0
DA:242,0
DA:246,0
DA:249,0
DA:250,0
DA:252,0
DA:253,0
DA:254,0
DA:255,0
DA:256,0
DA:257,0
DA:261,0
DA:262,0
DA:267,0
DA:270,0
DA:273,0
DA:275,0
DA:276,0
DA:277,0
DA:278,0
DA:280,0
DA:281,0
DA:284,0
DA:293,0
DA:297,0
DA:298,0
DA:299,0
DA:300,0
DA:301,0
DA:302,0
DA:304,0
DA:305,0
DA:308,0
DA:310,0
DA:312,0
DA:313,0
DA:316,0
DA:317,0
DA:320,0
DA:321,0
DA:322,0
DA:324,0
DA:325,0
DA:326,0
DA:327,0
DA:329,0
DA:330,0
DA:333,0
DA:335,0
DA:340,0
DA:341,0
DA:344,0
DA:345,0
DA:346,0
DA:347,0
DA:350,0
DA:351,0
DA:352,0
DA:359,0
DA:360,0
DA:361,0
DA:362,0
DA:363,0
DA:364,0
DA:365,0
DA:366,0
DA:367,0
DA:368,0
DA:369,0
DA:370,0
DA:371,0
DA:373,0
DA:374,0
DA:380,0
DA:382,0
DA:397,0
DA:398,0
DA:399,0
DA:401,0
DA:402,0
DA:403,0
DA:405,0
DA:406,0
DA:409,0
DA:410,0
DA:414,0
DA:419,0
DA:420,0
DA:423,0
DA:424,0
DA:425,0
DA:426,0
DA:427,0
DA:428,0
DA:431,0
DA:435,0
DA:436,0
DA:437,0
DA:438,0
DA:439,0
DA:441,0
DA:446,0
DA:448,0
DA:449,0
DA:452,0
DA:453,0
DA:454,0
DA:457,0
DA:469,0
DA:472,0
DA:473,0
DA:479,0
DA:480,0
DA:491,0
DA:496,0
DA:497,0
DA:498,0
DA:499,0
DA:501,0
DA:502,0
DA:506,0
DA:507,0
DA:510,0
DA:511,0
DA:512,0
DA:521,0
DA:532,0
DA:543,0
DA:549,0
DA:550,0
DA:551,0
DA:552,0
DA:553,0
DA:554,0
DA:556,0
DA:560,0
DA:561,0
DA:562,0
DA:563,0
DA:564,0
DA:565,0
DA:566,0
DA:567,0
DA:568,0
DA:569,0
DA:571,0
DA:572,0
DA:574,0
DA:578,0
DA:581,0
DA:583,0
DA:584,0
DA:590,0
DA:592,0
DA:593,0
DA:599,0
DA:601,0
DA:602,0
DA:608,0
DA:610,0
DA:611,0
DA:617,0
DA:621,0
DA:632,0
DA:633,0
DA:634,0
DA:635,0
DA:636,0
DA:638,0
DA:660,0
DA:666,0
DA:667,0
DA:668,0
DA:683,0
DA:689,0
DA:690,0
DA:693,0
DA:697,0
DA:707,0
DA:708,0
DA:711,0
DA:712,0
DA:715,0
DA:716,0
DA:719,0
DA:721,0
DA:722,0
DA:730,0
DA:733,0
DA:734,0
DA:735,0
DA:737,0
DA:741,0
DA:742,0
DA:744,0
DA:745,0
DA:747,0
DA:754,0
DA:755,0
DA:756,0
DA:759,0
DA:760,0
DA:761,0
DA:764,0
DA:769,0
DA:770,0
DA:772,0
DA:773,0
DA:784,0
DA:786,0
DA:787,0
DA:794,0
DA:797,0
DA:802,0
DA:803,0
DA:804,0
DA:805,0
DA:809,0
DA:810,0
DA:816,0
DA:817,0
DA:826,0
DA:827,0
DA:834,0
DA:837,0
DA:838,0
DA:839,0
DA:840,0
DA:841,0
DA:846,0
DA:849,0
DA:852,0
DA:853,0
DA:857,0
DA:858,0
DA:859,0
DA:876,0
DA:877,0
DA:878,0
DA:879,0
DA:883,0
DA:884,0
DA:889,0
DA:892,0
DA:893,0
DA:911,0
DA:914,0
DA:915,0
DA:916,0
DA:919,0
DA:930,0
DA:931,0
DA:937,0
DA:948,0
DA:956,0
DA:957,0
DA:973,0
DA:1058,0
DA:1059,0
DA:1062,0
DA:1063,0
DA:1064,0
DA:1065,0
DA:1066,0
DA:1068,0
DA:1070,0
DA:1071,0
DA:1072,0
DA:1073,0
DA:1078,0
DA:1081,0
DA:1085,0
LF:370
LH:0
BRDA:83,0,0,0
BRDA:83,0,1,0
BRDA:91,1,0,0
BRDA:91,1,1,0
BRDA:94,2,0,0
BRDA:94,2,1,0
BRDA:130,3,0,0
BRDA:130,3,1,0
BRDA:200,4,0,0
BRDA:200,4,1,0
BRDA:216,5,0,0
BRDA:216,5,1,0
BRDA:216,6,0,0
BRDA:216,6,1,0
BRDA:227,7,0,0
BRDA:227,7,1,0
BRDA:228,8,0,0
BRDA:228,8,1,0
BRDA:230,9,0,0
BRDA:230,9,1,0
BRDA:232,10,0,0
BRDA:232,10,1,0
BRDA:237,11,0,0
BRDA:237,11,1,0
BRDA:253,12,0,0
BRDA:253,12,1,0
BRDA:256,13,0,0
BRDA:256,13,1,0
BRDA:256,14,0,0
BRDA:256,14,1,0
BRDA:261,15,0,0
BRDA:261,15,1,0
BRDA:275,16,0,0
BRDA:275,16,1,0
BRDA:278,17,0,0
BRDA:278,17,1,0
BRDA:280,18,0,0
BRDA:280,18,1,0
BRDA:281,19,0,0
BRDA:281,19,1,0
BRDA:286,20,0,0
BRDA:286,20,1,0
BRDA:287,21,0,0
BRDA:287,21,1,0
BRDA:288,22,0,0
BRDA:288,22,1,0
BRDA:289,23,0,0
BRDA:289,23,1,0
BRDA:290,24,0,0
BRDA:290,24,1,0
BRDA:297,25,0,0
BRDA:297,25,1,0
BRDA:300,26,0,0
BRDA:300,26,1,0
BRDA:304,27,0,0
BRDA:304,27,1,0
BRDA:304,28,0,0
BRDA:304,28,1,0
BRDA:312,29,0,0
BRDA:312,29,1,0
BRDA:316,30,0,0
BRDA:316,30,1,0
BRDA:316,31,0,0
BRDA:316,31,1,0
BRDA:320,32,0,0
BRDA:320,32,1,0
BRDA:326,33,0,0
BRDA:326,33,1,0
BRDA:329,34,0,0
BRDA:329,34,1,0
BRDA:361,35,0,0
BRDA:361,35,1,0
BRDA:364,36,0,0
BRDA:364,36,1,0
BRDA:366,37,0,0
BRDA:366,37,1,0
BRDA:387,38,0,0
BRDA:387,38,1,0
BRDA:405,39,0,0
BRDA:405,39,1,0
BRDA:409,40,0,0
BRDA:409,40,1,0
BRDA:424,41,0,0
BRDA:424,41,1,0
BRDA:424,42,0,0
BRDA:424,42,1,0
BRDA:425,43,0,0
BRDA:425,43,1,0
BRDA:425,44,0,0
BRDA:425,44,1,0
BRDA:427,45,0,0
BRDA:427,45,1,0
BRDA:427,46,0,0
BRDA:427,46,1,0
BRDA:436,47,0,0
BRDA:436,47,1,0
BRDA:438,48,0,0
BRDA:438,48,1,0
BRDA:461,49,0,0
BRDA:461,49,1,0
BRDA:462,50,0,0
BRDA:462,50,1,0
BRDA:501,51,0,0
BRDA:501,51,1,0
BRDA:501,52,0,0
BRDA:501,52,1,0
BRDA:511,53,0,0
BRDA:511,53,1,0
BRDA:514,54,0,0
BRDA:514,54,1,0
BRDA:525,55,0,0
BRDA:525,55,1,0
BRDA:536,56,0,0
BRDA:536,56,1,0
BRDA:549,57,0,0
BRDA:549,57,1,0
BRDA:549,58,0,0
BRDA:549,58,1,0
BRDA:551,59,0,0
BRDA:551,59,1,0
BRDA:551,60,0,0
BRDA:551,60,1,0
BRDA:553,61,0,0
BRDA:553,61,1,0
BRDA:553,62,0,0
BRDA:553,62,1,0
BRDA:562,63,0,0
BRDA:562,63,1,0
BRDA:563,64,0,0
BRDA:563,64,1,0
BRDA:563,64,2,0
BRDA:564,65,0,0
BRDA:564,65,1,0
BRDA:566,66,0,0
BRDA:566,66,1,0
BRDA:568,67,0,0
BRDA:568,67,1,0
BRDA:571,68,0,0
BRDA:571,68,1,0
BRDA:581,69,0,0
BRDA:581,69,1,0
BRDA:581,69,2,0
BRDA:581,69,3,0
BRDA:581,69,4,0
BRDA:634,70,0,0
BRDA:634,70,1,0
BRDA:641,71,0,0
BRDA:641,71,1,0
BRDA:644,72,0,0
BRDA:644,72,1,0
BRDA:648,73,0,0
BRDA:648,73,1,0
BRDA:651,74,0,0
BRDA:651,74,1,0
BRDA:660,75,0,0
BRDA:660,75,1,0
BRDA:673,76,0,0
BRDA:673,76,1,0
BRDA:679,77,0,0
BRDA:679,77,1,0
BRDA:680,78,0,0
BRDA:680,78,1,0
BRDA:734,79,0,0
BRDA:734,79,1,0
BRDA:744,80,0,0
BRDA:744,80,1,0
BRDA:772,81,0,0
BRDA:772,81,1,0
BRDA:786,82,0,0
BRDA:786,82,1,0
BRDA:803,83,0,0
BRDA:803,83,1,0
BRDA:803,84,0,0
BRDA:803,84,1,0
BRDA:840,85,0,0
BRDA:840,85,1,0
BRDA:861,86,0,0
BRDA:861,86,1,0
BRDA:862,87,0,0
BRDA:862,87,1,0
BRDA:866,88,0,0
BRDA:866,88,1,0
BRDA:870,89,0,0
BRDA:870,89,1,0
BRDA:872,90,0,0
BRDA:872,90,1,0
BRDA:877,91,0,0
BRDA:877,91,1,0
BRDA:896,92,0,0
BRDA:896,92,1,0
BRDA:898,93,0,0
BRDA:898,93,1,0
BRDA:900,94,0,0
BRDA:900,94,1,0
BRDA:903,95,0,0
BRDA:903,95,1,0
BRDA:903,96,0,0
BRDA:903,96,1,0
BRDA:904,97,0,0
BRDA:904,97,1,0
BRDA:905,98,0,0
BRDA:905,98,1,0
BRDA:905,99,0,0
BRDA:905,99,1,0
BRDA:906,100,0,0
BRDA:906,100,1,0
BRDA:907,101,0,0
BRDA:907,101,1,0
BRDA:907,102,0,0
BRDA:907,102,1,0
BRDA:908,103,0,0
BRDA:908,103,1,0
BRDA:946,104,0,0
BRDA:946,104,1,0
BRDA:963,105,0,0
BRDA:963,105,1,0
BRDA:988,106,0,0
BRDA:988,106,1,0
BRDA:988,106,2,0
BRDA:1004,107,0,0
BRDA:1004,107,1,0
BRDA:1005,108,0,0
BRDA:1005,108,1,0
BRDA:1009,109,0,0
BRDA:1009,109,1,0
BRDA:1010,110,0,0
BRDA:1010,110,1,0
BRDA:1010,110,2,0
BRDA:1011,111,0,0
BRDA:1011,111,1,0
BRDA:1011,111,2,0
BRDA:1012,112,0,0
BRDA:1012,112,1,0
BRDA:1012,112,2,0
BRDA:1012,112,3,0
BRDA:1013,113,0,0
BRDA:1013,113,1,0
BRDA:1013,113,2,0
BRDA:1030,114,0,0
BRDA:1030,114,1,0
BRDA:1058,115,0,0
BRDA:1058,115,1,0
BRDA:1058,116,0,0
BRDA:1058,116,1,0
BRDA:1062,117,0,0
BRDA:1062,117,1,0
BRDA:1063,118,0,0
BRDA:1063,118,1,0
BRDA:1064,119,0,0
BRDA:1064,119,1,0
BRDA:1072,120,0,0
BRDA:1072,120,1,0
BRF:252
BRH:0
end_of_record
TN:
SF:pages/forgot-auth/index.js
FN:25,(anonymous_0)
FN:39,(anonymous_1)
FN:51,(anonymous_2)
FN:55,(anonymous_3)
FN:59,(anonymous_4)
FN:67,(anonymous_5)
FN:77,(anonymous_6)
FN:82,(anonymous_7)
FN:90,(anonymous_8)
FN:104,(anonymous_9)
FN:109,(anonymous_10)
FN:110,(anonymous_11)
FN:116,(anonymous_12)
FNF:13
FNH:0
FNDA:0,(anonymous_0)
FNDA:0,(anonymous_1)
FNDA:0,(anonymous_2)
FNDA:0,(anonymous_3)
FNDA:0,(anonymous_4)
FNDA:0,(anonymous_5)
FNDA:0,(anonymous_6)
FNDA:0,(anonymous_7)
FNDA:0,(anonymous_8)
FNDA:0,(anonymous_9)
FNDA:0,(anonymous_10)
FNDA:0,(anonymous_11)
FNDA:0,(anonymous_12)
DA:23,0
DA:25,0
DA:26,0
DA:27,0
DA:29,0
DA:30,0
DA:31,0
DA:32,0
DA:33,0
DA:34,0
DA:35,0
DA:36,0
DA:37,0
DA:39,0
DA:40,0
DA:42,0
DA:43,0
DA:45,0
DA:48,0
DA:51,0
DA:52,0
DA:55,0
DA:56,0
DA:59,0
DA:60,0
DA:61,0
DA:62,0
DA:64,0
DA:67,0
DA:68,0
DA:70,0
DA:72,0
DA:73,0
DA:75,0
DA:78,0
DA:79,0
DA:80,0
DA:83,0
DA:84,0
DA:85,0
DA:86,0
DA:90,0
DA:91,0
DA:94,0
DA:104,0
DA:109,0
DA:110,0
DA:116,0
LF:48
LH:0
BRDA:42,0,0,0
BRDA:42,0,1,0
BRDA:60,1,0,0
BRDA:60,1,1,0
BRDA:97,2,0,0
BRDA:97,2,1,0
BRDA:107,3,0,0
BRDA:107,3,1,0
BRDA:134,4,0,0
BRDA:134,4,1,0
BRF:10
BRH:0
end_of_record
TN:
SF:pages/garasi/[id].js
FN:27,(anonymous_0)
FN:46,fetchDetailGarage
FN:67,fetchBasicInfo
FN:72,removeCar
FN:77,(anonymous_4)
FN:80,(anonymous_5)
FN:83,(anonymous_6)
FN:87,(anonymous_7)
FN:100,(anonymous_8)
FN:125,(anonymous_9)
FN:126,(anonymous_10)
FN:133,(anonymous_11)
FN:135,(anonymous_12)
FN:166,(anonymous_13)
FN:167,(anonymous_14)
FN:185,(anonymous_15)
FN:187,(anonymous_16)
FN:213,(anonymous_17)
FN:222,(anonymous_18)
FN:226,(anonymous_19)
FN:231,(anonymous_20)
FNF:21
FNH:0
FNDA:0,(anonymous_0)
FNDA:0,fetchDetailGarage
FNDA:0,fetchBasicInfo
FNDA:0,removeCar
FNDA:0,(anonymous_4)
FNDA:0,(anonymous_5)
FNDA:0,(anonymous_6)
FNDA:0,(anonymous_7)
FNDA:0,(anonymous_8)
FNDA:0,(anonymous_9)
FNDA:0,(anonymous_10)
FNDA:0,(anonymous_11)
FNDA:0,(anonymous_12)
FNDA:0,(anonymous_13)
FNDA:0,(anonymous_14)
FNDA:0,(anonymous_15)
FNDA:0,(anonymous_16)
FNDA:0,(anonymous_17)
FNDA:0,(anonymous_18)
FNDA:0,(anonymous_19)
FNDA:0,(anonymous_20)
DA:25,0
DA:27,0
DA:28,0
DA:30,0
DA:31,0
DA:33,0
DA:35,0
DA:36,0
DA:39,0
DA:40,0
DA:41,0
DA:42,0
DA:44,0
DA:47,0
DA:49,0
DA:50,0
DA:52,0
DA:53,0
DA:55,0
DA:64,0
DA:68,0
DA:69,0
DA:73,0
DA:75,0
DA:78,0
DA:80,0
DA:83,0
DA:84,0
DA:87,0
DA:88,0
DA:100,0
DA:107,0
DA:108,0
DA:109,0
DA:110,0
DA:112,0
DA:114,0
DA:117,0
DA:125,0
DA:126,0
DA:133,0
DA:135,0
DA:166,0
DA:168,0
DA:169,0
DA:185,0
DA:188,0
DA:213,0
DA:222,0
DA:226,0
DA:231,0
LF:51
LH:0
BRDA:35,0,0,0
BRDA:35,0,1,0
BRDA:35,1,0,0
BRDA:35,1,1,0
BRDA:95,2,0,0
BRDA:95,2,1,0
BRDA:96,3,0,0
BRDA:96,3,1,0
BRDA:107,4,0,0
BRDA:107,4,1,0
BRDA:109,5,0,0
BRDA:109,5,1,0
BRDA:119,6,0,0
BRDA:119,6,1,0
BRDA:152,7,0,0
BRDA:152,7,1,0
BRF:16
BRH:0
end_of_record
TN:
SF:pages/garasi/index.js
FN:17,(anonymous_0)
FN:27,fetchGarage
FN:33,(anonymous_2)
FN:43,(anonymous_3)
FN:51,(anonymous_4)
FN:58,(anonymous_5)
FN:69,(anonymous_6)
FN:77,(anonymous_7)
FN:98,(anonymous_8)
FNF:9
FNH:0
FNDA:0,(anonymous_0)
FNDA:0,fetchGarage
FNDA:0,(anonymous_2)
FNDA:0,(anonymous_3)
FNDA:0,(anonymous_4)
FNDA:0,(anonymous_5)
FNDA:0,(anonymous_6)
FNDA:0,(anonymous_7)
FNDA:0,(anonymous_8)
DA:15,0
DA:17,0
DA:18,0
DA:19,0
DA:21,0
DA:23,0
DA:24,0
DA:25,0
DA:28,0
DA:30,0
DA:31,0
DA:32,0
DA:34,0
DA:35,0
DA:39,0
DA:40,0
DA:43,0
DA:44,0
DA:51,0
DA:52,0
DA:55,0
DA:58,0
DA:69,0
DA:78,0
DA:80,0
DA:81,0
DA:82,0
DA:83,0
DA:85,0
DA:89,0
DA:98,0
LF:31
LH:0
BRDA:46,0,0,0
BRDA:46,0,1,0
BRDA:47,1,0,0
BRDA:47,1,1,0
BRDA:75,2,0,0
BRDA:75,2,1,0
BRDA:80,3,0,0
BRDA:80,3,1,0
BRF:8
BRH:0
end_of_record
TN:
SF:pages/garasi/health/[id].js
FN:18,(anonymous_0)
FN:33,fetchCarDetail
FN:43,(anonymous_2)
FN:49,(anonymous_3)
FN:67,(anonymous_4)
FNF:5
FNH:0
FNDA:0,(anonymous_0)
FNDA:0,fetchCarDetail
FNDA:0,(anonymous_2)
FNDA:0,(anonymous_3)
FNDA:0,(anonymous_4)
DA:16,0
DA:18,0
DA:19,0
DA:21,0
DA:23,0
DA:24,0
DA:27,0
DA:28,0
DA:29,0
DA:31,0
DA:34,0
DA:36,0
DA:37,0
DA:39,0
DA:40,0
DA:43,0
DA:44,0
DA:47,0
DA:49,0
DA:68,0
DA:69,0
LF:21
LH:0
BRDA:23,0,0,0
BRDA:23,0,1,0
BRDA:23,1,0,0
BRDA:23,1,1,0
BRF:4
BRH:0
end_of_record
TN:
SF:pages/garasi/service/[id].js
FN:15,(anonymous_0)
FN:33,fetchOrders
FN:61,(anonymous_2)
FN:65,(anonymous_3)
FN:70,(anonymous_4)
FN:75,(anonymous_5)
FN:93,(anonymous_6)
FN:103,(anonymous_7)
FN:134,(anonymous_8)
FN:140,(anonymous_9)
FN:143,(anonymous_10)
FNF:11
FNH:0
FNDA:0,(anonymous_0)
FNDA:0,fetchOrders
FNDA:0,(anonymous_2)
FNDA:0,(anonymous_3)
FNDA:0,(anonymous_4)
FNDA:0,(anonymous_5)
FNDA:0,(anonymous_6)
FNDA:0,(anonymous_7)
FNDA:0,(anonymous_8)
FNDA:0,(anonymous_9)
FNDA:0,(anonymous_10)
DA:13,0
DA:15,0
DA:16,0
DA:18,0
DA:19,0
DA:21,0
DA:23,0
DA:24,0
DA:26,0
DA:28,0
DA:29,0
DA:30,0
DA:31,0
DA:34,0
DA:35,0
DA:36,0
DA:38,0
DA:39,0
DA:42,0
DA:49,0
DA:51,0
DA:52,0
DA:53,0
DA:55,0
DA:58,0
DA:61,0
DA:62,0
DA:65,0
DA:66,0
DA:70,0
DA:71,0
DA:72,0
DA:75,0
DA:76,0
DA:77,0
DA:78,0
DA:80,0
DA:81,0
DA:86,0
DA:91,0
DA:93,0
DA:104,0
DA:105,0
DA:134,0
DA:140,0
DA:143,0
LF:46
LH:0
BRDA:23,0,0,0
BRDA:23,0,1,0
BRDA:23,1,0,0
BRDA:23,1,1,0
BRDA:38,2,0,0
BRDA:38,2,1,0
BRDA:46,3,0,0
BRDA:46,3,1,0
BRDA:51,4,0,0
BRDA:51,4,1,0
BRDA:52,5,0,0
BRDA:52,5,1,0
BRDA:80,6,0,0
BRDA:80,6,1,0
BRDA:80,7,0,0
BRDA:80,7,1,0
BRDA:99,8,0,0
BRDA:99,8,1,0
BRDA:102,9,0,0
BRDA:102,9,1,0
BRDA:104,10,0,0
BRDA:104,10,1,0
BRDA:121,11,0,0
BRDA:121,11,1,0
BRDA:129,12,0,0
BRDA:129,12,1,0
BRF:26
BRH:0
end_of_record
TN:
SF:pages/konfirmasi-order/index.js
FN:37,(anonymous_0)
FN:67,(anonymous_1)
FN:77,(anonymous_2)
FN:89,(anonymous_3)
FN:99,(anonymous_4)
FN:111,(anonymous_5)
FN:122,(anonymous_6)
FN:147,(anonymous_7)
FN:152,(anonymous_8)
FN:163,(anonymous_9)
FN:167,(anonymous_10)
FN:172,(anonymous_11)
FN:232,(anonymous_12)
FN:233,(anonymous_13)
FN:236,(anonymous_14)
FN:253,(anonymous_15)
FN:269,(anonymous_16)
FN:277,(anonymous_17)
FN:288,(anonymous_18)
FN:321,(anonymous_19)
FN:331,(anonymous_20)
FN:353,(anonymous_21)
FN:356,(anonymous_22)
FN:367,(anonymous_23)
FN:373,(anonymous_24)
FN:383,(anonymous_25)
FN:398,(anonymous_26)
FN:448,(anonymous_27)
FN:451,(anonymous_28)
FN:488,(anonymous_29)
FN:505,(anonymous_30)
FN:619,(anonymous_31)
FN:620,(anonymous_32)
FN:631,getServerSideProps
FNF:34
FNH:17
FNDA:19,(anonymous_0)
FNDA:6,(anonymous_1)
FNDA:0,(anonymous_2)
FNDA:6,(anonymous_3)
FNDA:0,(anonymous_4)
FNDA:0,(anonymous_5)
FNDA:18,(anonymous_6)
FNDA:0,(anonymous_7)
FNDA:0,(anonymous_8)
FNDA:0,(anonymous_9)
FNDA:0,(anonymous_10)
FNDA:0,(anonymous_11)
FNDA:6,(anonymous_12)
FNDA:0,(anonymous_13)
FNDA:0,(anonymous_14)
FNDA:6,(anonymous_15)
FNDA:6,(anonymous_16)
FNDA:6,(anonymous_17)
FNDA:6,(anonymous_18)
FNDA:6,(anonymous_19)
FNDA:6,(anonymous_20)
FNDA:1,(anonymous_21)
FNDA:1,(anonymous_22)
FNDA:1,(anonymous_23)
FNDA:1,(anonymous_24)
FNDA:0,(anonymous_25)
FNDA:0,(anonymous_26)
FNDA:0,(anonymous_27)
FNDA:0,(anonymous_28)
FNDA:0,(anonymous_29)
FNDA:0,(anonymous_30)
FNDA:1,(anonymous_31)
FNDA:1,(anonymous_32)
FNDA:0,getServerSideProps
DA:35,1
DA:37,1
DA:38,19
DA:39,18
DA:40,18
DA:41,18
DA:43,18
DA:44,18
DA:45,18
DA:46,18
DA:47,18
DA:48,18
DA:49,18
DA:50,18
DA:51,18
DA:52,18
DA:53,18
DA:54,18
DA:55,18
DA:56,18
DA:57,18
DA:58,18
DA:59,18
DA:64,18
DA:65,18
DA:67,18
DA:68,6
DA:69,6
DA:70,6
DA:71,6
DA:72,6
DA:73,6
DA:74,6
DA:77,18
DA:78,0
DA:79,0
DA:80,0
DA:81,0
DA:84,0
DA:86,0
DA:89,18
DA:90,6
DA:92,6
DA:93,6
DA:94,6
DA:95,6
DA:99,18
DA:100,0
DA:102,0
DA:104,0
DA:105,0
DA:108,0
DA:111,18
DA:112,0
DA:113,0
DA:114,0
DA:116,0
DA:117,0
DA:122,18
DA:123,18
DA:124,18
DA:125,18
DA:126,0
DA:128,18
DA:131,18
DA:132,0
DA:133,0
DA:134,0
DA:136,0
DA:137,0
DA:141,18
DA:147,18
DA:148,0
DA:149,0
DA:150,0
DA:153,0
DA:154,0
DA:155,0
DA:156,0
DA:157,0
DA:164,0
DA:165,0
DA:168,0
DA:172,18
DA:173,0
DA:175,0
DA:177,0
DA:178,0
DA:180,0
DA:183,0
DA:185,0
DA:186,0
DA:187,0
DA:190,0
DA:191,0
DA:192,0
DA:196,0
DA:201,0
DA:205,0
DA:208,0
DA:217,0
DA:218,0
DA:220,0
DA:221,0
DA:222,0
DA:228,0
DA:232,18
DA:233,6
DA:234,0
DA:236,6
DA:237,0
DA:239,6
DA:253,18
DA:254,6
DA:255,6
DA:256,6
DA:258,6
DA:259,6
DA:261,6
DA:262,0
DA:263,0
DA:264,0
DA:265,0
DA:269,18
DA:270,6
DA:277,18
DA:278,6
DA:279,6
DA:280,6
DA:281,6
DA:283,6
DA:285,6
DA:288,18
DA:289,6
DA:290,0
DA:291,0
DA:312,0
DA:313,0
DA:314,0
DA:316,0
DA:321,18
DA:322,6
DA:323,0
DA:327,0
DA:331,18
DA:332,6
DA:333,0
DA:337,18
DA:338,18
DA:340,18
DA:342,18
DA:343,12
DA:353,1
DA:356,1
DA:367,1
DA:373,1
DA:384,0
DA:398,0
DA:449,0
DA:452,0
DA:489,0
DA:490,0
DA:491,0
DA:505,0
DA:619,1
DA:620,1
DA:626,6
DA:632,0
DA:634,0
DA:638,0
DA:640,0
LF:171
LH:89
BRDA:78,0,0,0
BRDA:78,0,1,0
BRDA:80,1,0,0
BRDA:80,1,1,0
BRDA:86,2,0,0
BRDA:86,2,1,0
BRDA:94,3,0,6
BRDA:94,3,1,0
BRDA:102,4,0,0
BRDA:102,4,1,0
BRDA:104,5,0,0
BRDA:104,5,1,0
BRDA:112,6,0,0
BRDA:112,6,1,0
BRDA:116,7,0,0
BRDA:116,7,1,0
BRDA:125,8,0,0
BRDA:125,8,1,18
BRDA:131,9,0,0
BRDA:131,9,1,18
BRDA:132,10,0,0
BRDA:132,10,1,0
BRDA:159,11,0,0
BRDA:159,11,1,0
BRDA:160,12,0,0
BRDA:160,12,1,0
BRDA:177,13,0,0
BRDA:177,13,1,0
BRDA:177,14,0,0
BRDA:177,14,1,0
BRDA:190,15,0,0
BRDA:190,15,1,0
BRDA:192,16,0,0
BRDA:192,16,1,0
BRDA:210,17,0,0
BRDA:210,17,1,0
BRDA:221,18,0,0
BRDA:221,18,1,0
BRDA:261,19,0,0
BRDA:261,19,1,6
BRDA:261,20,0,6
BRDA:261,20,1,6
BRDA:261,20,2,6
BRDA:289,21,0,0
BRDA:289,21,1,6
BRDA:289,22,0,6
BRDA:289,22,1,0
BRDA:293,23,0,0
BRDA:293,23,1,0
BRDA:294,24,0,0
BRDA:294,24,1,0
BRDA:295,25,0,0
BRDA:295,25,1,0
BRDA:296,26,0,0
BRDA:296,26,1,0
BRDA:308,27,0,0
BRDA:308,27,1,0
BRDA:313,28,0,0
BRDA:313,28,1,0
BRDA:313,29,0,0
BRDA:313,29,1,0
BRDA:322,30,0,0
BRDA:322,30,1,6
BRDA:332,31,0,0
BRDA:332,31,1,6
BRDA:342,32,0,12
BRDA:342,32,1,6
BRDA:361,33,0,12
BRDA:361,33,1,0
BRDA:382,34,0,12
BRDA:382,34,1,0
BRDA:393,35,0,12
BRDA:393,35,1,0
BRDA:438,36,0,12
BRDA:438,36,1,0
BRDA:456,37,0,0
BRDA:456,37,1,0
BRDA:485,38,0,12
BRDA:485,38,1,0
BRDA:490,39,0,0
BRDA:490,39,1,0
BRDA:500,40,0,12
BRDA:500,40,1,0
BRDA:519,41,0,0
BRDA:519,41,1,12
BRDA:531,42,0,12
BRDA:531,42,1,0
BRDA:536,43,0,12
BRDA:536,43,1,0
BRDA:547,44,0,0
BRDA:547,44,1,12
BRDA:558,45,0,0
BRDA:558,45,1,12
BRDA:582,46,0,12
BRDA:582,46,1,12
BRF:95
BRH:26
end_of_record
TN:
SF:pages/mobilku/index.js
FN:14,(anonymous_0)
FN:24,(anonymous_1)
FN:34,(anonymous_2)
FN:46,(anonymous_3)
FN:58,(anonymous_4)
FN:71,(anonymous_5)
FN:78,(anonymous_6)
FN:92,(anonymous_7)
FN:110,(anonymous_8)
FNF:9
FNH:0
FNDA:0,(anonymous_0)
FNDA:0,(anonymous_1)
FNDA:0,(anonymous_2)
FNDA:0,(anonymous_3)
FNDA:0,(anonymous_4)
FNDA:0,(anonymous_5)
FNDA:0,(anonymous_6)
FNDA:0,(anonymous_7)
FNDA:0,(anonymous_8)
DA:12,0
DA:14,0
DA:15,0
DA:16,0
DA:17,0
DA:19,0
DA:20,0
DA:21,0
DA:22,0
DA:24,0
DA:25,0
DA:26,0
DA:28,0
DA:29,0
DA:31,0
DA:34,0
DA:35,0
DA:37,0
DA:38,0
DA:40,0
DA:41,0
DA:44,0
DA:46,0
DA:47,0
DA:49,0
DA:53,0
DA:58,0
DA:59,0
DA:60,0
DA:61,0
DA:62,0
DA:67,0
DA:71,0
DA:72,0
DA:75,0
DA:78,0
DA:93,0
DA:110,0
LF:38
LH:0
BRDA:40,0,0,0
BRDA:40,0,1,0
BRDA:59,1,0,0
BRDA:59,1,1,0
BRDA:77,2,0,0
BRDA:77,2,1,0
BRDA:83,3,0,0
BRDA:83,3,1,0
BRDA:89,4,0,0
BRDA:89,4,1,0
BRDA:91,5,0,0
BRDA:91,5,1,0
BRF:12
BRH:0
end_of_record
TN:
SF:pages/notification/index.js
FN:19,(anonymous_0)
FN:32,(anonymous_1)
FN:38,(anonymous_2)
FN:43,(anonymous_3)
FN:53,(anonymous_4)
FN:58,(anonymous_5)
FN:64,(anonymous_6)
FN:85,(anonymous_7)
FN:95,(anonymous_8)
FN:107,(anonymous_9)
FN:111,(anonymous_10)
FN:148,(anonymous_11)
FN:153,(anonymous_12)
FN:162,(anonymous_13)
FN:169,(anonymous_14)
FN:175,(anonymous_15)
FN:179,(anonymous_16)
FN:205,(anonymous_17)
FN:216,(anonymous_18)
FNF:19
FNH:0
FNDA:0,(anonymous_0)
FNDA:0,(anonymous_1)
FNDA:0,(anonymous_2)
FNDA:0,(anonymous_3)
FNDA:0,(anonymous_4)
FNDA:0,(anonymous_5)
FNDA:0,(anonymous_6)
FNDA:0,(anonymous_7)
FNDA:0,(anonymous_8)
FNDA:0,(anonymous_9)
FNDA:0,(anonymous_10)
FNDA:0,(anonymous_11)
FNDA:0,(anonymous_12)
FNDA:0,(anonymous_13)
FNDA:0,(anonymous_14)
FNDA:0,(anonymous_15)
FNDA:0,(anonymous_16)
FNDA:0,(anonymous_17)
FNDA:0,(anonymous_18)
DA:17,0
DA:19,0
DA:20,0
DA:21,0
DA:23,0
DA:24,0
DA:25,0
DA:26,0
DA:27,0
DA:28,0
DA:29,0
DA:30,0
DA:32,0
DA:33,0
DA:34,0
DA:35,0
DA:38,0
DA:39,0
DA:40,0
DA:42,0
DA:44,0
DA:45,0
DA:46,0
DA:48,0
DA:51,0
DA:54,0
DA:58,0
DA:59,0
DA:61,0
DA:64,0
DA:65,0
DA:67,0
DA:68,0
DA:69,0
DA:73,0
DA:79,0
DA:85,0
DA:86,0
DA:87,0
DA:88,0
DA:90,0
DA:91,0
DA:95,0
DA:96,0
DA:102,0
DA:103,0
DA:105,0
DA:108,0
DA:109,0
DA:112,0
DA:116,0
DA:117,0
DA:118,0
DA:119,0
DA:121,0
DA:123,0
DA:124,0
DA:127,0
DA:128,0
DA:131,0
DA:135,0
DA:137,0
DA:138,0
DA:140,0
DA:141,0
DA:142,0
DA:144,0
DA:148,0
DA:149,0
DA:150,0
DA:153,0
DA:154,0
DA:157,0
DA:163,0
DA:164,0
DA:169,0
DA:176,0
DA:179,0
DA:206,0
DA:208,0
DA:216,0
LF:81
LH:0
BRDA:44,0,0,0
BRDA:44,0,1,0
BRDA:45,1,0,0
BRDA:45,1,1,0
BRDA:90,2,0,0
BRDA:90,2,1,0
BRDA:90,3,0,0
BRDA:90,3,1,0
BRDA:102,4,0,0
BRDA:102,4,1,0
BRDA:121,5,0,0
BRDA:121,5,1,0
BRDA:121,5,2,0
BRDA:121,5,3,0
BRDA:123,6,0,0
BRDA:123,6,1,0
BRDA:127,7,0,0
BRDA:127,7,1,0
BRDA:132,8,0,0
BRDA:132,8,1,0
BRDA:159,9,0,0
BRDA:159,9,1,0
BRDA:202,10,0,0
BRDA:202,10,1,0
BRDA:204,11,0,0
BRDA:204,11,1,0
BRDA:213,12,0,0
BRDA:213,12,1,0
BRDA:217,13,0,0
BRDA:217,13,1,0
BRDA:247,14,0,0
BRDA:247,14,1,0
BRF:32
BRH:0
end_of_record
TN:
SF:pages/order/[id].js
FN:29,(anonymous_0)
FN:43,(anonymous_1)
FN:48,fetchDetailBooking
FN:57,(anonymous_3)
FN:71,(anonymous_4)
FN:99,(anonymous_5)
FN:108,(anonymous_6)
FN:236,(anonymous_7)
FNF:8
FNH:0
FNDA:0,(anonymous_0)
FNDA:0,(anonymous_1)
FNDA:0,fetchDetailBooking
FNDA:0,(anonymous_3)
FNDA:0,(anonymous_4)
FNDA:0,(anonymous_5)
FNDA:0,(anonymous_6)
FNDA:0,(anonymous_7)
DA:27,0
DA:29,0
DA:30,0
DA:32,0
DA:34,0
DA:36,0
DA:37,0
DA:40,0
DA:41,0
DA:43,0
DA:45,0
DA:49,0
DA:50,0
DA:52,0
DA:53,0
DA:54,0
DA:57,0
DA:58,0
DA:62,0
DA:64,0
DA:65,0
DA:66,0
DA:69,0
DA:71,0
DA:99,0
DA:109,0
DA:236,0
LF:27
LH:0
BRDA:36,0,0,0
BRDA:36,0,1,0
BRDA:36,1,0,0
BRDA:36,1,1,0
BRDA:62,2,0,0
BRDA:62,2,1,0
BRDA:65,3,0,0
BRDA:65,3,1,0
BRDA:73,4,0,0
BRDA:73,4,1,0
BRDA:112,5,0,0
BRDA:112,5,1,0
BRDA:112,6,0,0
BRDA:112,6,1,0
BRDA:116,7,0,0
BRDA:116,7,1,0
BRDA:122,8,0,0
BRDA:122,8,1,0
BRDA:131,9,0,0
BRDA:131,9,1,0
BRDA:183,10,0,0
BRDA:183,10,1,0
BRDA:211,11,0,0
BRDA:211,11,1,0
BRDA:221,12,0,0
BRDA:221,12,1,0
BRDA:222,13,0,0
BRDA:222,13,1,0
BRDA:222,14,0,0
BRDA:222,14,1,0
BRF:30
BRH:0
end_of_record
TN:
SF:pages/order/index.js
FN:15,(anonymous_0)
FN:26,fetchOrders
FN:49,fetchBookingFilter
FN:56,(anonymous_3)
FN:63,(anonymous_4)
FN:68,(anonymous_5)
FN:76,(anonymous_6)
FN:102,(anonymous_7)
FN:106,(anonymous_8)
FN:126,(anonymous_9)
FNF:10
FNH:0
FNDA:0,(anonymous_0)
FNDA:0,fetchOrders
FNDA:0,fetchBookingFilter
FNDA:0,(anonymous_3)
FNDA:0,(anonymous_4)
FNDA:0,(anonymous_5)
FNDA:0,(anonymous_6)
FNDA:0,(anonymous_7)
FNDA:0,(anonymous_8)
FNDA:0,(anonymous_9)
DA:13,0
DA:15,0
DA:16,0
DA:18,0
DA:19,0
DA:20,0
DA:21,0
DA:22,0
DA:23,0
DA:24,0
DA:27,0
DA:28,0
DA:29,0
DA:31,0
DA:37,0
DA:39,0
DA:40,0
DA:41,0
DA:43,0
DA:46,0
DA:50,0
DA:51,0
DA:53,0
DA:56,0
DA:57,0
DA:58,0
DA:59,0
DA:60,0
DA:63,0
DA:64,0
DA:65,0
DA:68,0
DA:69,0
DA:70,0
DA:76,0
DA:77,0
DA:78,0
DA:79,0
DA:81,0
DA:82,0
DA:87,0
DA:92,0
DA:103,0
DA:106,0
DA:127,0
DA:128,0
LF:46
LH:0
BRDA:32,0,0,0
BRDA:32,0,1,0
BRDA:34,1,0,0
BRDA:34,1,1,0
BRDA:39,2,0,0
BRDA:39,2,1,0
BRDA:40,3,0,0
BRDA:40,3,1,0
BRDA:81,4,0,0
BRDA:81,4,1,0
BRDA:81,5,0,0
BRDA:81,5,1,0
BRDA:122,6,0,0
BRDA:122,6,1,0
BRDA:125,7,0,0
BRDA:125,7,1,0
BRDA:127,8,0,0
BRDA:127,8,1,0
BRDA:143,9,0,0
BRDA:143,9,1,0
BRDA:151,10,0,0
BRDA:151,10,1,0
BRF:22
BRH:0
end_of_record
TN:
SF:pages/order/invoice/[id].js
FN:22,(anonymous_0)
FN:36,fetchDetailBooking
FN:44,(anonymous_2)
FN:49,(anonymous_3)
FN:53,getCustomerInvoice
FN:70,(anonymous_5)
FN:78,(anonymous_6)
FN:127,(anonymous_7)
FN:139,(anonymous_8)
FNF:9
FNH:0
FNDA:0,(anonymous_0)
FNDA:0,fetchDetailBooking
FNDA:0,(anonymous_2)
FNDA:0,(anonymous_3)
FNDA:0,getCustomerInvoice
FNDA:0,(anonymous_5)
FNDA:0,(anonymous_6)
FNDA:0,(anonymous_7)
FNDA:0,(anonymous_8)
DA:20,0
DA:22,0
DA:23,0
DA:24,0
DA:26,0
DA:28,0
DA:30,0
DA:31,0
DA:34,0
DA:37,0
DA:39,0
DA:40,0
DA:41,0
DA:44,0
DA:46,0
DA:49,0
DA:50,0
DA:54,0
DA:57,0
DA:58,0
DA:59,0
DA:60,0
DA:63,0
DA:65,0
DA:67,0
DA:70,0
DA:71,0
DA:74,0
DA:78,0
DA:128,0
DA:140,0
LF:31
LH:0
BRDA:30,0,0,0
BRDA:30,0,1,0
BRDA:30,1,0,0
BRDA:30,1,1,0
BRDA:153,2,0,0
BRDA:153,2,1,0
BRDA:164,3,0,0
BRDA:164,3,1,0
BRDA:176,4,0,0
BRDA:176,4,1,0
BRDA:189,5,0,0
BRDA:189,5,1,0
BRF:12
BRH:0
end_of_record
TN:
SF:pages/otopoints/index.js
FN:30,(anonymous_0)
FN:55,(anonymous_1)
FN:60,(anonymous_2)
FN:70,(anonymous_3)
FN:75,(anonymous_4)
FN:103,(anonymous_5)
FN:107,(anonymous_6)
FN:108,(anonymous_7)
FN:111,(anonymous_8)
FN:114,(anonymous_9)
FN:119,(anonymous_10)
FN:122,(anonymous_11)
FN:133,(anonymous_12)
FN:139,(anonymous_13)
FN:180,(anonymous_14)
FN:181,(anonymous_15)
FN:189,(anonymous_16)
FN:190,(anonymous_17)
FN:195,(anonymous_18)
FN:201,(anonymous_19)
FN:205,(anonymous_20)
FN:234,(anonymous_21)
FN:241,(anonymous_22)
FN:249,(anonymous_23)
FN:282,(anonymous_24)
FN:290,(anonymous_25)
FN:303,(anonymous_26)
FN:317,(anonymous_27)
FN:318,(anonymous_28)
FN:345,(anonymous_29)
FN:373,(anonymous_30)
FN:382,(anonymous_31)
FN:399,(anonymous_32)
FNF:33
FNH:0
FNDA:0,(anonymous_0)
FNDA:0,(anonymous_1)
FNDA:0,(anonymous_2)
FNDA:0,(anonymous_3)
FNDA:0,(anonymous_4)
FNDA:0,(anonymous_5)
FNDA:0,(anonymous_6)
FNDA:0,(anonymous_7)
FNDA:0,(anonymous_8)
FNDA:0,(anonymous_9)
FNDA:0,(anonymous_10)
FNDA:0,(anonymous_11)
FNDA:0,(anonymous_12)
FNDA:0,(anonymous_13)
FNDA:0,(anonymous_14)
FNDA:0,(anonymous_15)
FNDA:0,(anonymous_16)
FNDA:0,(anonymous_17)
FNDA:0,(anonymous_18)
FNDA:0,(anonymous_19)
FNDA:0,(anonymous_20)
FNDA:0,(anonymous_21)
FNDA:0,(anonymous_22)
FNDA:0,(anonymous_23)
FNDA:0,(anonymous_24)
FNDA:0,(anonymous_25)
FNDA:0,(anonymous_26)
FNDA:0,(anonymous_27)
FNDA:0,(anonymous_28)
FNDA:0,(anonymous_29)
FNDA:0,(anonymous_30)
FNDA:0,(anonymous_31)
FNDA:0,(anonymous_32)
DA:28,0
DA:30,0
DA:31,0
DA:32,0
DA:34,0
DA:35,0
DA:37,0
DA:38,0
DA:39,0
DA:40,0
DA:41,0
DA:42,0
DA:43,0
DA:44,0
DA:45,0
DA:46,0
DA:47,0
DA:48,0
DA:49,0
DA:50,0
DA:52,0
DA:53,0
DA:55,0
DA:56,0
DA:57,0
DA:60,0
DA:61,0
DA:63,0
DA:64,0
DA:66,0
DA:70,0
DA:71,0
DA:72,0
DA:75,0
DA:76,0
DA:77,0
DA:79,0
DA:80,0
DA:81,0
DA:83,0
DA:84,0
DA:88,0
DA:89,0
DA:91,0
DA:92,0
DA:93,0
DA:95,0
DA:96,0
DA:100,0
DA:103,0
DA:104,0
DA:107,0
DA:108,0
DA:111,0
DA:112,0
DA:114,0
DA:119,0
DA:120,0
DA:121,0
DA:122,0
DA:123,0
DA:124,0
DA:125,0
DA:126,0
DA:129,0
DA:130,0
DA:131,0
DA:133,0
DA:139,0
DA:140,0
DA:143,0
DA:144,0
DA:145,0
DA:152,0
DA:153,0
DA:154,0
DA:159,0
DA:160,0
DA:165,0
DA:168,0
DA:169,0
DA:172,0
DA:173,0
DA:176,0
DA:177,0
DA:180,0
DA:181,0
DA:182,0
DA:183,0
DA:184,0
DA:185,0
DA:189,0
DA:190,0
DA:191,0
DA:195,0
DA:196,0
DA:197,0
DA:198,0
DA:201,0
DA:202,0
DA:205,0
DA:206,0
DA:210,0
DA:234,0
DA:241,0
DA:242,0
DA:247,0
DA:249,0
DA:282,0
DA:290,0
DA:304,0
DA:317,0
[...]
BRDA:141,3,1,0
BRDA:147,4,0,0
BRDA:147,4,1,0
BRF:10
BRH:0
end_of_record
TN:
SF:src/components/modal/ModalWorkshopSearch.js
FN:25,(anonymous_0)
FN:39,getFilters
FN:48,searchWorkshop
FN:68,(anonymous_3)
FN:79,(anonymous_4)
FN:86,(anonymous_5)
FN:96,(anonymous_6)
FN:114,(anonymous_7)
FN:120,(anonymous_8)
FN:134,(anonymous_9)
FN:144,(anonymous_10)
FN:155,(anonymous_11)
FN:163,(anonymous_12)
FN:167,(anonymous_13)
FN:195,(anonymous_14)
FN:206,(anonymous_15)
FN:215,(anonymous_16)
FN:225,(anonymous_17)
FN:234,(anonymous_18)
FN:244,(anonymous_19)
FNF:20
FNH:0
FNDA:0,(anonymous_0)
FNDA:0,getFilters
FNDA:0,searchWorkshop
FNDA:0,(anonymous_3)
FNDA:0,(anonymous_4)
FNDA:0,(anonymous_5)
FNDA:0,(anonymous_6)
FNDA:0,(anonymous_7)
FNDA:0,(anonymous_8)
FNDA:0,(anonymous_9)
FNDA:0,(anonymous_10)
FNDA:0,(anonymous_11)
FNDA:0,(anonymous_12)
FNDA:0,(anonymous_13)
FNDA:0,(anonymous_14)
FNDA:0,(anonymous_15)
FNDA:0,(anonymous_16)
FNDA:0,(anonymous_17)
FNDA:0,(anonymous_18)
FNDA:0,(anonymous_19)
DA:25,0
DA:26,0
DA:28,0
DA:30,0
DA:31,0
DA:32,0
DA:33,0
DA:34,0
DA:35,0
DA:37,0
DA:40,0
DA:41,0
DA:43,0
DA:44,0
DA:49,0
DA:51,0
DA:52,0
DA:54,0
DA:59,0
DA:61,0
DA:64,0
DA:67,0
DA:69,0
DA:70,0
DA:72,0
DA:73,0
DA:79,0
DA:80,0
DA:82,0
DA:83,0
DA:86,0
DA:87,0
DA:89,0
DA:90,0
DA:91,0
DA:92,0
DA:96,0
DA:97,0
DA:99,0
DA:103,0
DA:104,0
DA:106,0
DA:107,0
DA:111,0
DA:114,0
DA:115,0
DA:117,0
DA:120,0
DA:121,0
DA:123,0
DA:134,0
DA:135,0
DA:138,0
DA:144,0
DA:155,0
DA:164,0
DA:167,0
DA:196,0
DA:206,0
DA:216,0
DA:225,0
DA:235,0
DA:244,0
LF:63
LH:0
BRDA:43,0,0,0
BRDA:43,0,1,0
BRDA:54,1,0,0
BRDA:54,1,1,0
BRDA:55,2,0,0
BRDA:55,2,1,0
BRDA:55,2,2,0
BRDA:69,3,0,0
BRDA:69,3,1,0
BRDA:90,4,0,0
BRDA:90,4,1,0
BRDA:103,5,0,0
BRDA:103,5,1,0
BRDA:106,6,0,0
BRDA:106,6,1,0
BRDA:123,7,0,0
BRDA:123,7,1,0
BRDA:183,8,0,0
BRDA:183,8,1,0
BRDA:189,9,0,0
BRDA:189,9,1,0
BRDA:193,10,0,0
BRDA:193,10,1,0
BRDA:203,11,0,0
BRDA:203,11,1,0
BRDA:213,12,0,0
BRDA:213,12,1,0
BRDA:221,13,0,0
BRDA:221,13,1,0
BRDA:232,14,0,0
BRDA:232,14,1,0
BRDA:239,15,0,0
BRDA:239,15,1,0
BRF:33
BRH:0
end_of_record
TN:
SF:src/components/modal/OtobuddyModal.js
FN:4,(anonymous_0)
FNF:1
FNH:0
FNDA:0,(anonymous_0)
DA:4,21
DA:5,0
LF:2
LH:1
BRF:0
BRH:0
end_of_record
TN:
SF:src/components/modal/PromoSearchModal.js
FN:15,(anonymous_0)
FN:29,(anonymous_1)
FN:39,(anonymous_2)
FN:43,(anonymous_3)
FN:62,(anonymous_4)
FN:84,(anonymous_5)
FN:88,(anonymous_6)
FNF:7
FNH:2
FNDA:19,(anonymous_0)
FNDA:0,(anonymous_1)
FNDA:0,(anonymous_2)
FNDA:6,(anonymous_3)
FNDA:0,(anonymous_4)
FNDA:0,(anonymous_5)
FNDA:0,(anonymous_6)
DA:15,1
DA:25,19
DA:27,18
DA:29,18
DA:30,0
DA:31,0
DA:35,0
DA:39,18
DA:40,0
DA:43,18
DA:44,6
DA:45,0
DA:49,18
DA:62,0
DA:85,0
DA:88,0
LF:16
LH:8
BRDA:30,0,0,0
BRDA:30,0,1,0
BRDA:44,1,0,0
BRDA:44,1,1,6
BRDA:61,2,0,18
BRDA:61,2,1,0
BRDA:87,3,0,0
BRDA:87,3,1,0
BRDA:92,4,0,6
BRDA:92,4,1,6
BRF:10
BRH:4
end_of_record
TN:
SF:src/components/modal/PromoTncModal.js
FN:4,(anonymous_0)
FNF:1
FNH:0
FNDA:0,(anonymous_0)
DA:4,0
DA:5,0
LF:2
LH:0
BRF:0
BRH:0
end_of_record
TN:
SF:src/components/modal/RemovePromoModal.js
FN:3,(anonymous_0)
FNF:1
FNH:0
FNDA:0,(anonymous_0)
DA:3,0
DA:4,0
LF:2
LH:0
BRDA:3,0,0,0
BRF:1
BRH:0
end_of_record
TN:
SF:src/components/otobuddy/Otobuddy.js
FN:7,(anonymous_0)
FN:14,(anonymous_1)
FN:20,(anonymous_2)
FN:33,(anonymous_3)
FN:41,(anonymous_4)
FN:49,(anonymous_5)
FN:57,(anonymous_6)
FN:58,(anonymous_7)
FN:62,(anonymous_8)
FN:69,(anonymous_9)
FN:70,(anonymous_10)
FN:71,(anonymous_11)
FN:92,(anonymous_12)
FN:102,(anonymous_13)
FNF:14
FNH:0
FNDA:0,(anonymous_0)
FNDA:0,(anonymous_1)
FNDA:0,(anonymous_2)
FNDA:0,(anonymous_3)
FNDA:0,(anonymous_4)
FNDA:0,(anonymous_5)
FNDA:0,(anonymous_6)
FNDA:0,(anonymous_7)
FNDA:0,(anonymous_8)
FNDA:0,(anonymous_9)
FNDA:0,(anonymous_10)
FNDA:0,(anonymous_11)
FNDA:0,(anonymous_12)
FNDA:0,(anonymous_13)
DA:7,21
DA:8,0
DA:9,0
DA:11,0
DA:14,21
DA:15,0
DA:17,0
DA:18,0
DA:20,0
DA:21,0
DA:22,0
DA:23,0
DA:24,0
DA:25,0
DA:27,0
DA:30,0
DA:33,0
DA:34,0
DA:35,0
DA:37,0
DA:41,0
DA:42,0
DA:43,0
DA:45,0
DA:49,0
DA:50,0
DA:51,0
DA:53,0
DA:57,0
DA:58,0
DA:59,0
DA:62,0
DA:65,0
DA:69,0
DA:70,0
DA:71,0
DA:92,0
DA:102,0
LF:38
LH:2
BRDA:8,0,0,0
BRDA:8,0,1,0
BRDA:22,1,0,0
BRDA:22,1,1,0
BRDA:24,2,0,0
BRDA:24,2,1,0
BRDA:34,3,0,0
BRDA:34,3,1,0
BRDA:42,4,0,0
BRDA:42,4,1,0
BRDA:50,5,0,0
BRDA:50,5,1,0
BRDA:83,6,0,0
BRDA:83,6,1,0
BRDA:99,7,0,0
BRDA:99,7,1,0
BRDA:100,8,0,0
BRDA:100,8,1,0
BRDA:105,9,0,0
BRDA:105,9,1,0
BRF:20
BRH:0
end_of_record
TN:
SF:src/components/otp/OtpTimer.js
FN:4,OtpTimer
FN:5,(anonymous_1)
FN:6,(anonymous_2)
FN:8,(anonymous_3)
FN:14,(anonymous_4)
FNF:5
FNH:0
FNDA:0,OtpTimer
FNDA:0,(anonymous_1)
FNDA:0,(anonymous_2)
FNDA:0,(anonymous_3)
FNDA:0,(anonymous_4)
DA:5,0
DA:6,0
DA:7,0
DA:8,0
DA:9,0
DA:14,0
DA:17,0
LF:7
LH:0
BRDA:7,0,0,0
BRDA:7,0,1,0
BRDA:19,1,0,0
BRDA:19,1,1,0
BRDA:26,2,0,0
BRDA:26,2,1,0
BRF:6
BRH:0
end_of_record
TN:
SF:src/components/otp/OtpVerification.js
FN:14,OtpVerification
FN:38,(anonymous_1)
FN:44,(anonymous_2)
FN:52,(anonymous_3)
FN:58,(anonymous_4)
FN:59,(anonymous_5)
FN:71,(anonymous_6)
FN:120,(anonymous_7)
FN:124,(anonymous_8)
FN:126,(anonymous_9)
FN:140,(anonymous_10)
FN:171,(anonymous_11)
FN:177,(anonymous_12)
FN:202,(anonymous_13)
FN:225,(anonymous_14)
FN:260,(anonymous_15)
FNF:16
FNH:0
FNDA:0,OtpVerification
FNDA:0,(anonymous_1)
FNDA:0,(anonymous_2)
FNDA:0,(anonymous_3)
FNDA:0,(anonymous_4)
FNDA:0,(anonymous_5)
FNDA:0,(anonymous_6)
FNDA:0,(anonymous_7)
FNDA:0,(anonymous_8)
FNDA:0,(anonymous_9)
FNDA:0,(anonymous_10)
FNDA:0,(anonymous_11)
FNDA:0,(anonymous_12)
FNDA:0,(anonymous_13)
FNDA:0,(anonymous_14)
FNDA:0,(anonymous_15)
DA:28,0
DA:29,0
DA:31,0
DA:32,0
DA:33,0
DA:34,0
DA:35,0
DA:36,0
DA:38,0
DA:39,0
DA:40,0
DA:41,0
DA:44,0
DA:45,0
DA:46,0
DA:47,0
DA:49,0
DA:53,0
DA:54,0
DA:58,0
DA:59,0
DA:60,0
DA:61,0
DA:62,0
DA:64,0
DA:68,0
DA:71,0
DA:72,0
DA:74,0
DA:75,0
DA:78,0
DA:85,0
DA:87,0
DA:88,0
DA:93,0
DA:94,0
DA:95,0
DA:101,0
DA:102,0
DA:103,0
DA:110,0
DA:111,0
DA:112,0
DA:118,0
DA:121,0
DA:122,0
DA:124,0
DA:125,0
DA:127,0
DA:129,0
DA:130,0
DA:131,0
DA:132,0
DA:133,0
DA:134,0
DA:135,0
DA:137,0
DA:141,0
DA:145,0
DA:146,0
DA:147,0
DA:149,0
DA:151,0
DA:154,0
DA:155,0
DA:156,0
DA:157,0
DA:158,0
DA:160,0
DA:164,0
DA:165,0
DA:166,0
DA:167,0
DA:170,0
DA:171,0
DA:172,0
DA:173,0
DA:178,0
DA:179,0
DA:184,0
DA:185,0
DA:190,0
DA:191,0
DA:192,0
DA:193,0
DA:194,0
DA:195,0
DA:196,0
DA:197,0
DA:199,0
DA:202,0
DA:203,0
DA:204,0
DA:205,0
DA:206,0
DA:207,0
DA:208,0
DA:209,0
DA:210,0
DA:213,0
DA:214,0
DA:218,0
DA:221,0
DA:225,0
DA:226,0
DA:227,0
DA:229,0
DA:232,0
DA:238,0
DA:241,0
DA:260,0
LF:111
LH:0
BRDA:19,0,0,0
BRDA:74,1,0,0
BRDA:74,1,1,0
BRDA:80,2,0,0
BRDA:80,2,1,0
BRDA:93,3,0,0
BRDA:93,3,1,0
BRDA:93,4,0,0
BRDA:93,4,1,0
BRDA:101,5,0,0
BRDA:101,5,1,0
BRDA:104,6,0,0
BRDA:104,6,1,0
BRDA:110,7,0,0
BRDA:110,7,1,0
BRDA:113,8,0,0
BRDA:113,8,1,0
BRDA:124,9,0,0
BRDA:129,10,0,0
BRDA:129,10,1,0
BRDA:131,11,0,0
BRDA:131,11,1,0
BRDA:132,12,0,0
BRDA:132,12,1,0
BRDA:134,13,0,0
BRDA:134,13,1,0
BRDA:145,14,0,0
BRDA:145,14,1,0
BRDA:149,15,0,0
BRDA:149,15,1,0
BRDA:154,16,0,0
BRDA:154,16,1,0
BRDA:155,17,0,0
BRDA:155,17,1,0
BRDA:164,18,0,0
BRDA:164,18,1,0
BRDA:170,19,0,0
BRDA:170,19,1,0
BRDA:179,20,0,0
BRDA:179,20,1,0
BRDA:190,21,0,0
BRDA:190,21,1,0
BRDA:192,22,0,0
BRDA:192,22,1,0
BRDA:192,23,0,0
BRDA:192,23,1,0
BRDA:194,24,0,0
BRDA:194,24,1,0
BRDA:194,25,0,0
BRDA:194,25,1,0
BRDA:196,26,0,0
BRDA:196,26,1,0
BRDA:196,27,0,0
BRDA:196,27,1,0
BRDA:203,28,0,0
BRDA:203,28,1,0
BRDA:203,29,0,0
BRDA:203,29,1,0
BRDA:208,30,0,0
BRDA:208,30,1,0
BRDA:209,31,0,0
BRDA:209,31,1,0
BRDA:213,32,0,0
BRDA:213,32,1,0
BRDA:226,33,0,0
BRDA:226,33,1,0
BRDA:246,34,0,0
BRDA:246,34,1,0
BRDA:252,35,0,0
BRDA:252,35,1,0
BRDA:260,36,0,0
BRDA:260,36,1,0
BRDA:271,37,0,0
BRDA:271,37,1,0
BRDA:271,37,2,0
BRDA:279,38,0,0
BRDA:279,38,1,0
BRDA:279,38,2,0
BRF:78
BRH:0
end_of_record
TN:
SF:src/components/payment-method/PaymentMethod.js
FN:4,(anonymous_0)
FNF:1
FNH:0
FNDA:0,(anonymous_0)
DA:4,0
DA:5,0
LF:2
LH:0
BRF:0
BRH:0
end_of_record
TN:
SF:src/components/register/InputField.js
FN:3,InputField
FNF:1
FNH:0
FNDA:0,InputField
DA:15,0
LF:1
LH:0
BRDA:18,0,0,0
BRDA:18,0,1,0
BRDA:30,1,0,0
BRDA:30,1,1,0
BRF:4
BRH:0
end_of_record
TN:
SF:src/components/register/InputFieldClose.js
FN:11,InputFieldClose
FNF:1
FNH:0
FNDA:0,InputFieldClose
DA:23,0
LF:1
LH:0
BRDA:36,0,0,0
BRDA:36,0,1,0
BRDA:43,1,0,0
BRDA:43,1,1,0
BRDA:49,2,0,0
BRDA:49,2,1,0
BRF:6
BRH:0
end_of_record
TN:
SF:src/components/register/RegisterForm.js
FN:11,(anonymous_0)
FN:30,(anonymous_1)
FN:35,(anonymous_2)
FN:40,(anonymous_3)
FN:45,(anonymous_4)
FN:50,(anonymous_5)
FN:55,(anonymous_6)
FN:64,(anonymous_7)
FN:82,(anonymous_8)
FN:95,(anonymous_9)
FN:118,(anonymous_10)
FN:130,(anonymous_11)
FN:145,(anonymous_12)
FN:151,(anonymous_13)
FN:155,(anonymous_14)
FN:165,(anonymous_15)
FN:292,(anonymous_16)
FN:293,(anonymous_17)
FNF:18
FNH:0
FNDA:0,(anonymous_0)
FNDA:0,(anonymous_1)
FNDA:0,(anonymous_2)
FNDA:0,(anonymous_3)
FNDA:0,(anonymous_4)
FNDA:0,(anonymous_5)
FNDA:0,(anonymous_6)
FNDA:0,(anonymous_7)
FNDA:0,(anonymous_8)
FNDA:0,(anonymous_9)
FNDA:0,(anonymous_10)
FNDA:0,(anonymous_11)
FNDA:0,(anonymous_12)
FNDA:0,(anonymous_13)
FNDA:0,(anonymous_14)
FNDA:0,(anonymous_15)
FNDA:0,(anonymous_16)
FNDA:0,(anonymous_17)
DA:11,5
DA:12,0
DA:19,0
DA:20,0
DA:21,0
DA:22,0
DA:23,0
DA:24,0
DA:25,0
DA:26,0
DA:27,0
DA:28,0
DA:30,0
DA:31,0
DA:32,0
DA:35,0
DA:36,0
DA:37,0
DA:40,0
DA:41,0
DA:42,0
DA:45,0
DA:46,0
DA:47,0
DA:50,0
DA:51,0
DA:52,0
DA:55,0
DA:56,0
DA:57,0
DA:58,0
DA:60,0
DA:64,0
DA:65,0
DA:66,0
DA:68,0
DA:69,0
DA:70,0
DA:71,0
DA:72,0
DA:73,0
DA:74,0
DA:76,0
DA:77,0
DA:78,0
DA:82,0
DA:83,0
DA:84,0
DA:85,0
DA:87,0
DA:88,0
DA:89,0
DA:91,0
DA:95,0
DA:96,0
DA:98,0
DA:99,0
DA:103,0
DA:104,0
DA:106,0
DA:107,0
DA:110,0
DA:111,0
DA:113,0
DA:114,0
DA:118,0
DA:119,0
DA:120,0
DA:122,0
DA:123,0
DA:125,0
DA:128,0
DA:131,0
DA:132,0
DA:133,0
DA:134,0
DA:136,0
DA:137,0
DA:138,0
DA:142,0
DA:146,0
DA:147,0
DA:151,0
DA:152,0
DA:155,0
DA:156,0
DA:157,0
DA:159,0
DA:163,0
DA:165,0
DA:292,0
DA:293,0
LF:92
LH:1
BRDA:32,0,0,0
BRDA:32,0,1,0
BRDA:56,1,0,0
BRDA:56,1,1,0
BRDA:68,2,0,0
BRDA:68,2,1,0
BRDA:71,3,0,0
BRDA:71,3,1,0
BRDA:73,4,0,0
BRDA:73,4,1,0
BRDA:77,5,0,0
BRDA:77,5,1,0
BRDA:87,6,0,0
BRDA:87,6,1,0
BRDA:106,7,0,0
BRDA:106,7,1,0
BRDA:106,8,0,0
BRDA:106,8,1,0
BRDA:122,9,0,0
BRDA:122,9,1,0
BRDA:136,10,0,0
BRDA:136,10,1,0
BRDA:136,11,0,0
BRDA:136,11,1,0
BRDA:156,12,0,0
BRDA:156,12,1,0
BRDA:204,13,0,0
BRDA:204,13,1,0
BRDA:216,14,0,0
BRDA:216,14,1,0
BRDA:231,15,0,0
BRDA:231,15,1,0
BRDA:247,16,0,0
BRDA:247,16,1,0
BRDA:269,17,0,0
BRDA:269,17,1,0
BRDA:269,17,2,0
BRDA:269,17,3,0
BRDA:269,17,4,0
BRF:39
BRH:0
end_of_record
TN:
SF:src/components/sheet/GlobalSearchFilterOptions.js
FN:6,(anonymous_0)
FN:20,(anonymous_1)
FN:30,(anonymous_2)
FN:40,(anonymous_3)
FN:41,(anonymous_4)
FN:59,(anonymous_5)
FN:61,(anonymous_6)
FN:64,(anonymous_7)
FN:71,(anonymous_8)
FN:73,(anonymous_9)
FN:75,(anonymous_10)
FNF:11
FNH:0
FNDA:0,(anonymous_0)
FNDA:0,(anonymous_1)
FNDA:0,(anonymous_2)
FNDA:0,(anonymous_3)
FNDA:0,(anonymous_4)
FNDA:0,(anonymous_5)
FNDA:0,(anonymous_6)
FNDA:0,(anonymous_7)
FNDA:0,(anonymous_8)
FNDA:0,(anonymous_9)
FNDA:0,(anonymous_10)
DA:6,0
DA:13,0
DA:14,0
DA:16,0
DA:17,0
DA:21,0
DA:22,0
DA:24,0
DA:31,0
DA:40,0
DA:42,0
DA:43,0
DA:59,0
DA:61,0
DA:65,0
DA:71,0
DA:73,0
DA:75,0
DA:91,0
LF:19
LH:0
BRDA:16,0,0,0
BRDA:16,0,1,0
BRDA:28,1,0,0
BRDA:28,1,1,0
BRDA:33,2,0,0
BRDA:33,2,1,0
BRDA:42,3,0,0
BRDA:42,3,1,0
BRDA:70,4,0,0
BRDA:70,4,1,0
BRF:10
BRH:0
end_of_record
TN:
SF:src/components/sheet/OrderSheet.js
FN:11,(anonymous_0)
FN:43,(anonymous_1)
FN:98,(anonymous_2)
FN:100,(anonymous_3)
FNF:4
FNH:0
FNDA:0,(anonymous_0)
FNDA:0,(anonymous_1)
FNDA:0,(anonymous_2)
FNDA:0,(anonymous_3)
DA:11,0
DA:23,0
DA:24,0
DA:25,0
DA:27,0
DA:28,0
DA:29,0
DA:30,0
DA:33,0
DA:43,0
DA:99,0
DA:100,0
DA:102,0
DA:105,0
LF:14
LH:0
BRDA:27,0,0,0
BRDA:27,0,1,0
BRDA:29,1,0,0
BRDA:29,1,1,0
BRDA:49,2,0,0
BRDA:49,2,1,0
BRDA:56,3,0,0
BRDA:56,3,1,0
BRDA:65,4,0,0
BRDA:65,4,1,0
BRDA:80,5,0,0
BRDA:80,5,1,0
BRDA:97,6,0,0
BRDA:97,6,1,0
BRDA:111,7,0,0
BRDA:111,7,1,0
BRF:16
BRH:0
end_of_record
TN:
SF:src/contexts/auth.js
FN:10,(anonymous_0)
FN:14,(anonymous_1)
FN:37,(anonymous_2)
FN:45,(anonymous_3)
FN:55,(anonymous_4)
FN:56,(anonymous_5)
FN:77,(anonymous_6)
FN:101,(anonymous_7)
FNF:8
FNH:1
FNDA:0,(anonymous_0)
FNDA:0,(anonymous_1)
FNDA:0,(anonymous_2)
FNDA:0,(anonymous_3)
FNDA:0,(anonymous_4)
FNDA:0,(anonymous_5)
FNDA:0,(anonymous_6)
FNDA:3,(anonymous_7)
DA:8,5
DA:10,5
DA:11,0
DA:12,0
DA:14,0
DA:15,0
DA:17,0
DA:19,0
DA:21,0
DA:22,0
DA:24,0
DA:25,0
DA:28,0
DA:29,0
DA:31,0
DA:32,0
DA:33,0
DA:37,0
DA:38,0
DA:39,0
DA:41,0
DA:42,0
DA:45,0
DA:46,0
DA:47,0
DA:48,0
DA:49,0
DA:52,0
DA:55,0
DA:56,0
DA:61,0
DA:77,5
DA:78,0
DA:79,0
DA:81,0
DA:90,0
DA:91,0
DA:92,0
DA:94,0
DA:98,0
DA:101,5
LF:41
LH:4
BRDA:21,0,0,0
BRDA:21,0,1,0
BRDA:24,1,0,0
BRDA:24,1,1,0
BRDA:47,2,0,0
BRDA:47,2,1,0
BRDA:90,3,0,0
BRDA:90,3,1,0
BRDA:91,4,0,0
BRDA:91,4,1,0
BRDA:91,5,0,0
BRDA:91,5,1,0
BRF:12
BRH:0
end_of_record
TN:
SF:src/utils/API.js
FN:11,(anonymous_0)
FN:14,(anonymous_1)
FN:31,(anonymous_2)
FN:32,(anonymous_3)
FN:39,(anonymous_4)
FNF:5
FNH:1
FNDA:0,(anonymous_0)
FNDA:0,(anonymous_1)
FNDA:12,(anonymous_2)
FNDA:0,(anonymous_3)
FNDA:0,(anonymous_4)
DA:6,5
DA:10,5
DA:12,0
DA:15,0
DA:21,0
DA:23,0
DA:27,5
DA:31,5
DA:32,12
DA:33,0
DA:35,0
DA:39,5
DA:40,0
LF:13
LH:6
BRDA:17,0,0,0
BRDA:17,0,1,0
BRF:2
BRH:0
end_of_record
TN:
SF:src/utils/Clevertap.js
FN:5,(anonymous_0)
FN:12,(anonymous_1)
FN:92,(anonymous_2)
FN:97,(anonymous_3)
FNF:4
FNH:0
FNDA:0,(anonymous_0)
FNDA:0,(anonymous_1)
FNDA:0,(anonymous_2)
FNDA:0,(anonymous_3)
DA:5,21
DA:9,0
DA:12,21
DA:13,0
DA:89,0
DA:92,21
DA:93,0
DA:97,21
DA:98,0
DA:103,0
LF:10
LH:4
BRDA:92,0,0,0
BRF:1
BRH:0
end_of_record
TN:
SF:src/utils/Constants.js
FN:14,(anonymous_0)
FN:48,(anonymous_1)
FNF:2
FNH:0
FNDA:0,(anonymous_0)
FNDA:0,(anonymous_1)
DA:1,5
DA:3,5
DA:15,0
DA:21,5
DA:32,5
DA:43,5
DA:48,5
DA:49,0
DA:71,0
DA:75,5
DA:77,5
DA:104,5
DA:123,5
DA:125,5
DA:131,5
DA:154,5
DA:160,5
DA:166,5
DA:188,5
DA:190,5
LF:20
LH:17
BRF:0
BRH:0
end_of_record
TN:
SF:src/utils/Gtag.js
FN:4,(anonymous_0)
FN:15,(anonymous_1)
FN:371,(anonymous_2)
FNF:3
FNH:3
FNDA:6,(anonymous_0)
FNDA:6,(anonymous_1)
FNDA:6,(anonymous_2)
DA:4,21
DA:5,6
DA:15,21
DA:16,6
DA:368,6
DA:371,21
DA:372,6
LF:7
LH:7
BRDA:371,0,0,6
BRF:1
BRH:1
end_of_record
TN:
SF:src/utils/Helper.js
FN:5,(anonymous_0)
FN:9,(anonymous_1)
FN:36,(anonymous_2)
FN:43,(anonymous_3)
FN:44,(anonymous_4)
FN:56,(anonymous_5)
FN:60,(anonymous_6)
FN:71,(anonymous_7)
FN:82,(anonymous_8)
FN:91,(anonymous_9)
FN:95,(anonymous_10)
FN:104,(anonymous_11)
FN:108,(anonymous_12)
FN:112,(anonymous_13)
FN:133,(anonymous_14)
FN:194,(anonymous_15)
FN:198,(anonymous_16)
FN:211,(anonymous_17)
FN:224,(anonymous_18)
FN:232,(anonymous_19)
FN:238,(anonymous_20)
FN:242,(anonymous_21)
FNF:22
FNH:7
FNDA:0,(anonymous_0)
FNDA:77,(anonymous_1)
FNDA:0,(anonymous_2)
FNDA:0,(anonymous_3)
FNDA:0,(anonymous_4)
FNDA:0,(anonymous_5)
FNDA:8,(anonymous_6)
FNDA:8,(anonymous_7)
FNDA:0,(anonymous_8)
FNDA:12,(anonymous_9)
FNDA:0,(anonymous_10)
FNDA:60,(anonymous_11)
FNDA:0,(anonymous_12)
FNDA:0,(anonymous_13)
FNDA:0,(anonymous_14)
FNDA:0,(anonymous_15)
FNDA:0,(anonymous_16)
FNDA:2,(anonymous_17)
FNDA:0,(anonymous_18)
FNDA:3,(anonymous_19)
FNDA:0,(anonymous_20)
FNDA:0,(anonymous_21)
DA:6,0
DA:10,77
DA:11,77
DA:12,77
DA:14,77
DA:16,77
DA:18,77
DA:20,77
DA:32,0
DA:37,0
DA:38,0
DA:40,0
DA:44,0
DA:45,0
DA:46,0
DA:47,0
DA:49,0
DA:52,0
DA:57,0
DA:61,8
DA:63,0
DA:65,0
DA:67,8
DA:72,8
DA:74,0
DA:76,0
DA:78,8
DA:83,0
DA:84,0
DA:85,0
DA:87,0
DA:92,12
DA:96,0
DA:97,0
DA:98,0
DA:100,0
DA:105,60
DA:109,0
DA:113,0
DA:116,0
DA:117,0
DA:121,0
DA:122,0
DA:126,0
DA:127,0
DA:130,0
DA:140,0
DA:141,0
DA:143,0
DA:144,0
DA:145,0
DA:148,0
DA:149,0
DA:150,0
DA:166,0
DA:167,0
DA:168,0
DA:184,0
DA:185,0
DA:187,0
DA:188,0
DA:190,0
DA:191,0
DA:195,0
DA:199,0
DA:201,0
DA:203,0
DA:205,0
DA:207,0
DA:212,2
DA:213,0
DA:214,0
DA:215,0
DA:217,0
DA:220,2
DA:225,0
DA:226,0
DA:227,0
DA:229,0
DA:233,3
DA:234,3
DA:235,3
DA:239,0
DA:243,0
DA:245,0
DA:251,0
DA:257,0
DA:263,0
DA:269,0
DA:275,0
DA:281,0
LF:91
LH:18
BRDA:9,0,0,77
BRDA:9,1,0,77
BRDA:9,2,0,77
BRDA:12,3,0,0
BRDA:12,3,1,77
BRDA:14,4,0,0
BRDA:14,4,1,77
BRDA:16,5,0,77
BRDA:16,5,1,55
BRDA:18,6,0,22
BRDA:18,6,1,55
BRDA:22,7,0,21
BRDA:22,7,1,56
BRDA:24,8,0,0
BRDA:24,8,1,77
BRDA:37,9,0,0
BRDA:37,9,1,0
BRDA:43,10,0,0
BRDA:45,11,0,0
BRDA:45,11,1,0
BRDA:46,12,0,0
BRDA:46,12,1,0
BRDA:61,13,0,0
BRDA:61,13,1,0
BRDA:61,13,2,8
BRDA:67,14,0,0
BRDA:67,14,1,8
BRDA:72,15,0,0
BRDA:72,15,1,0
BRDA:72,15,2,8
BRDA:78,16,0,0
BRDA:78,16,1,8
BRDA:84,17,0,0
BRDA:84,17,1,0
BRDA:96,18,0,0
BRDA:96,18,1,0
BRDA:109,19,0,0
BRDA:109,19,1,0
BRDA:116,20,0,0
BRDA:116,20,1,0
BRDA:121,21,0,0
BRDA:121,21,1,0
BRDA:126,22,0,0
BRDA:126,22,1,0
BRDA:140,23,0,0
BRDA:140,23,1,0
BRDA:140,24,0,0
BRDA:140,24,1,0
BRDA:140,24,2,0
BRDA:140,24,3,0
BRDA:148,25,0,0
BRDA:148,25,1,0
BRDA:166,26,0,0
BRDA:166,26,1,0
BRDA:184,27,0,0
BRDA:184,27,1,0
BRDA:187,28,0,0
BRDA:187,28,1,0
BRDA:195,29,0,0
BRDA:195,29,1,0
BRDA:199,30,0,0
BRDA:199,30,1,0
BRDA:199,30,2,0
BRDA:199,30,3,0
BRDA:212,31,0,0
BRDA:212,31,1,2
BRDA:225,32,0,0
BRDA:225,32,1,0
BRDA:233,33,0,0
BRDA:233,33,1,3
BRDA:233,34,0,3
BRDA:233,34,1,3
BRDA:239,35,0,0
BRDA:239,35,1,0
BRDA:243,36,0,0
BRDA:243,36,1,0
BRDA:243,36,2,0
BRDA:243,36,3,0
BRDA:243,36,4,0
BRDA:243,36,5,0
BRDA:243,36,6,0
BRF:81
BRH:20
end_of_record
TN:
SF:src/utils/Sentry.js
FN:24,(anonymous_0)
FN:33,(anonymous_1)
FN:34,(anonymous_2)
FNF:3
FNH:0
FNDA:0,(anonymous_0)
FNDA:0,(anonymous_1)
FNDA:0,(anonymous_2)
DA:7,0
DA:19,0
DA:21,0
DA:24,0
DA:25,0
DA:26,0
DA:29,0
DA:30,0
DA:33,0
DA:34,0
DA:35,0
DA:36,0
DA:37,0
DA:38,0
DA:39,0
DA:40,0
DA:41,0
LF:17
LH:0
BRDA:19,0,0,0
BRDA:19,0,1,0
BRDA:19,1,0,0
BRDA:19,1,1,0
BRDA:25,2,0,0
BRDA:25,2,1,0
BRDA:29,3,0,0
BRDA:29,3,1,0
BRF:8
BRH:0
end_of_record
TN:
SF:src/utils/geoCode.js
FN:3,(anonymous_0)
FN:7,(anonymous_1)
FN:28,(anonymous_2)
FNF:3
FNH:0
FNDA:0,(anonymous_0)
FNDA:0,(anonymous_1)
FNDA:0,(anonymous_2)
DA:3,0
DA:4,0
DA:6,0
DA:9,0
DA:10,0
DA:11,0
DA:13,0
DA:14,0
DA:16,0
DA:17,0
DA:22,0
DA:29,0
DA:35,0
LF:13
LH:0
BRDA:11,0,0,0
BRDA:11,0,1,0
BRF:2
BRH:0
end_of_record
TN:
SF:src/utils/globalFunctions.js
FN:4,(anonymous_0)
FNF:1
FNH:1
FNDA:6,(anonymous_0)
DA:4,5
DA:5,6
LF:2
LH:2
BRDA:7,0,0,6
BRDA:7,0,1,0
BRF:2
BRH:1
end_of_record
TN:
SF:src/utils/isBrowser.js
FN:1,(anonymous_0)
FNF:1
FNH:1
FNDA:7,(anonymous_0)
DA:1,7
LF:1
LH:1
BRF:0
BRH:0
end_of_record
TN:
SF:src/utils/useCar.js
FN:6,useCar
FN:13,(anonymous_1)
FN:31,(anonymous_2)
FN:35,(anonymous_3)
FNF:4
FNH:0
FNDA:0,useCar
FNDA:0,(anonymous_1)
FNDA:0,(anonymous_2)
FNDA:0,(anonymous_3)
DA:7,0
DA:8,0
DA:9,0
DA:10,0
DA:11,0
DA:13,0
DA:14,0
DA:15,0
DA:16,0
DA:24,0
DA:27,0
DA:31,0
DA:32,0
DA:35,0
DA:36,0
DA:37,0
DA:39,0
DA:40,0
DA:43,0
DA:47,0
DA:48,0
DA:49,0
DA:50,0
DA:51,0
DA:52,0
DA:53,0
DA:54,0
DA:57,0
LF:28
LH:0
BRDA:14,0,0,0
BRDA:14,0,1,0
BRDA:15,1,0,0
BRDA:15,1,1,0
BRDA:36,2,0,0
BRDA:36,2,1,0
BRDA:39,3,0,0
BRDA:39,3,1,0
BRDA:47,4,0,0
BRDA:47,4,1,0
BRF:10
BRH:0
end_of_record
TN:
SF:src/utils/useDebounce.js
FN:3,(anonymous_0)
FN:6,(anonymous_1)
FN:10,(anonymous_2)
FNF:3
FNH:0
FNDA:0,(anonymous_0)
FNDA:0,(anonymous_1)
FNDA:0,(anonymous_2)
DA:3,0
DA:4,0
DA:6,0
DA:7,0
DA:8,0
DA:10,0
LF:6
LH:0
BRF:0
BRH:0
end_of_record
TN:
SF:src/utils/useOrderSheet.js
FN:4,useOrderSheet
FN:9,dispatch
FN:16,(anonymous_2)
FN:37,(anonymous_3)
FN:47,(anonymous_4)
FN:62,(anonymous_5)
FNF:6
FNH:0
FNDA:0,useOrderSheet
FNDA:0,dispatch
FNDA:0,(anonymous_2)
FNDA:0,(anonymous_3)
FNDA:0,(anonymous_4)
FNDA:0,(anonymous_5)
DA:5,0
DA:6,0
DA:7,0
DA:10,0
DA:11,0
DA:13,0
DA:14,0
DA:15,0
DA:16,0
DA:17,0
DA:18,0
DA:26,0
DA:29,0
DA:31,0
DA:32,0
DA:35,0
DA:37,0
DA:38,0
DA:45,0
DA:46,0
DA:47,0
DA:48,0
DA:49,0
DA:50,0
DA:51,0
DA:54,0
DA:56,0
DA:57,0
DA:58,0
DA:62,0
DA:65,0
DA:66,0
LF:32
LH:0
BRDA:10,0,0,0
BRDA:10,0,1,0
BRDA:13,1,0,0
BRDA:13,1,1,0
BRDA:17,2,0,0
BRDA:17,2,1,0
BRDA:31,3,0,0
BRDA:31,3,1,0
BRDA:46,4,0,0
BRDA:46,4,1,0
BRDA:47,5,0,0
BRDA:47,5,1,0
BRF:12
BRH:0
end_of_record
